{"/home/kleberjr/Software Engineering/CAMAAR/frontend/src/boot/axios.js": {"path":"/home/kleberjr/Software Engineering/CAMAAR/frontend/src/boot/axios.js","statementMap":{"0":{"start":{"line":10,"column":12},"end":{"line":10,"column":64}},"1":{"start":{"line":15,"column":2},"end":{"line":15,"column":44}},"2":{"start":{"line":19,"column":2},"end":{"line":19,"column":40}}},"fnMap":{"0":{"name":"(anonymous_0)","decl":{"start":{"line":12,"column":20},"end":{"line":12,"column":21}},"loc":{"start":{"line":12,"column":33},"end":{"line":22,"column":1}},"line":12}},"branchMap":{},"s":{"0":0,"1":0,"2":0},"f":{"0":0},"b":{}}
,"/home/kleberjr/Software Engineering/CAMAAR/frontend/src/boot/i18n.js": {"path":"/home/kleberjr/Software Engineering/CAMAAR/frontend/src/boot/i18n.js","statementMap":{"0":{"start":{"line":6,"column":15},"end":{"line":9,"column":4}},"1":{"start":{"line":12,"column":2},"end":{"line":12,"column":15}}},"fnMap":{"0":{"name":"(anonymous_0)","decl":{"start":{"line":5,"column":20},"end":{"line":5,"column":21}},"loc":{"start":{"line":5,"column":33},"end":{"line":13,"column":1}},"line":5}},"branchMap":{},"s":{"0":0,"1":0},"f":{"0":0},"b":{}}
,"/home/kleberjr/Software Engineering/CAMAAR/frontend/src/components/FiltroRAluno.vue": {"path":"/home/kleberjr/Software Engineering/CAMAAR/frontend/src/components/FiltroRAluno.vue","statementMap":{"0":{"start":{"line":2,"column":16},"end":{"line":2,"column":null}}},"fnMap":{},"branchMap":{},"s":{"0":0},"f":{},"b":{}}
,"/home/kleberjr/Software Engineering/CAMAAR/frontend/src/components/GenericTable.vue": {"path":"/home/kleberjr/Software Engineering/CAMAAR/frontend/src/components/GenericTable.vue","statementMap":{"0":{"start":{"line":57,"column":17},"end":{"line":57,"column":null}},"1":{"start":{"line":60,"column":6},"end":{"line":60,"column":13}},"2":{"start":{"line":67,"column":8},"end":{"line":67,"column":13}},"3":{"start":{"line":72,"column":8},"end":{"line":72,"column":15}},"4":{"start":{"line":73,"column":10},"end":{"line":73,"column":16}},"5":{"start":{"line":74,"column":25},"end":{"line":74,"column":29}},"6":{"start":{"line":75,"column":13},"end":{"line":75,"column":16}},"7":{"start":{"line":77,"column":10},"end":{"line":77,"column":17}}},"fnMap":{"0":{"name":"data","decl":{"start":{"line":57,"column":17},"end":{"line":57,"column":null}},"loc":{"start":{"line":59,"column":10},"end":{"line":64,"column":null}}},"1":{"name":"selected","decl":{"start":{"line":65,"column":11},"end":{"line":65,"column":null}},"loc":{"start":{"line":66,"column":24},"end":{"line":68,"column":null}}},"2":{"name":"treatedRows","decl":{"start":{"line":71,"column":19},"end":{"line":71,"column":31}},"loc":{"start":{"line":71,"column":31},"end":{"line":79,"column":null}}},"3":{"name":"(anonymous_3)","decl":{"start":{"line":72,"column":29},"end":{"line":72,"column":32}},"loc":{"start":{"line":72,"column":36},"end":{"line":78,"column":null}}},"4":{"name":"(anonymous_4)","decl":{"start":{"line":73,"column":35},"end":{"line":73,"column":38}},"loc":{"start":{"line":73,"column":42},"end":{"line":76,"column":null}}}},"branchMap":{"0":{"loc":{"start":{"line":75,"column":26},"end":{"line":75,"column":null}},"type":"cond-expr","locations":[{"start":{"line":75,"column":58},"end":{"line":75,"column":64}},{"start":{"line":75,"column":64},"end":{"line":75,"column":null}}]},"1":{"loc":{"start":{"line":75,"column":26},"end":{"line":75,"column":58}},"type":"binary-expr","locations":[{"start":{"line":75,"column":26},"end":{"line":75,"column":43}},{"start":{"line":75,"column":43},"end":{"line":75,"column":58}}]}},"s":{"0":2,"1":11,"2":0,"3":11,"4":8,"5":48,"6":48,"7":8},"f":{"0":11,"1":0,"2":11,"3":8,"4":48},"b":{"0":[3,45],"1":[48,47]}}
,"/home/kleberjr/Software Engineering/CAMAAR/frontend/src/components/SurveyQuestion.vue": {"path":"/home/kleberjr/Software Engineering/CAMAAR/frontend/src/components/SurveyQuestion.vue","statementMap":{"0":{"start":{"line":59,"column":15},"end":{"line":59,"column":null}},"1":{"start":{"line":62,"column":8},"end":{"line":62,"column":14}},"2":{"start":{"line":74,"column":12},"end":{"line":74,"column":null}},"3":{"start":{"line":80,"column":12},"end":{"line":80,"column":null}},"4":{"start":{"line":84,"column":24},"end":{"line":90,"column":35}},"5":{"start":{"line":85,"column":28},"end":{"line":85,"column":null}},"6":{"start":{"line":90,"column":28},"end":{"line":90,"column":35}}},"fnMap":{"0":{"name":"data","decl":{"start":{"line":59,"column":15},"end":{"line":59,"column":null}},"loc":{"start":{"line":61,"column":11},"end":{"line":71,"column":null}}},"1":{"name":"updateAnswer","decl":{"start":{"line":72,"column":13},"end":{"line":72,"column":null}},"loc":{"start":{"line":73,"column":28},"end":{"line":78,"column":null}}},"2":{"name":"(anonymous_3)","decl":{"start":{"line":83,"column":66},"end":{"line":83,"column":67}},"loc":{"start":{"line":83,"column":83},"end":{"line":91,"column":null}}}},"branchMap":{"0":{"loc":{"start":{"line":84,"column":24},"end":{"line":90,"column":35}},"type":"if","locations":[{"start":{"line":84,"column":24},"end":{"line":90,"column":35}},{"start":{"line":90,"column":28},"end":{"line":90,"column":35}}]}},"s":{"0":0,"1":0,"2":0,"3":0,"4":0,"5":0,"6":0},"f":{"0":0,"1":0,"2":0},"b":{"0":[0,0]}}
,"/home/kleberjr/Software Engineering/CAMAAR/frontend/src/i18n/index.js": {"path":"/home/kleberjr/Software Engineering/CAMAAR/frontend/src/i18n/index.js","statementMap":{},"fnMap":{},"branchMap":{},"s":{},"f":{},"b":{}}
,"/home/kleberjr/Software Engineering/CAMAAR/frontend/src/i18n/en-US/index.js": {"path":"/home/kleberjr/Software Engineering/CAMAAR/frontend/src/i18n/en-US/index.js","statementMap":{},"fnMap":{},"branchMap":{},"s":{},"f":{},"b":{}}
,"/home/kleberjr/Software Engineering/CAMAAR/frontend/src/layouts/MainLayout.vue": {"path":"/home/kleberjr/Software Engineering/CAMAAR/frontend/src/layouts/MainLayout.vue","statementMap":{"0":{"start":{"line":52,"column":18},"end":{"line":52,"column":null}}},"fnMap":{},"branchMap":{},"s":{"0":0},"f":{},"b":{}}
,"/home/kleberjr/Software Engineering/CAMAAR/frontend/src/router/index.js": {"path":"/home/kleberjr/Software Engineering/CAMAAR/frontend/src/router/index.js","statementMap":{"0":{"start":{"line":17,"column":24},"end":{"line":19,"column":91}},"1":{"start":{"line":21,"column":17},"end":{"line":29,"column":4}},"2":{"start":{"line":22,"column":27},"end":{"line":22,"column":46}},"3":{"start":{"line":31,"column":2},"end":{"line":37,"column":5}},"4":{"start":{"line":32,"column":24},"end":{"line":32,"column":42}},"5":{"start":{"line":33,"column":28},"end":{"line":33,"column":63}},"6":{"start":{"line":34,"column":4},"end":{"line":36,"column":5}},"7":{"start":{"line":35,"column":6},"end":{"line":35,"column":31}},"8":{"start":{"line":39,"column":2},"end":{"line":39,"column":15}}},"fnMap":{"0":{"name":"(anonymous_0)","decl":{"start":{"line":16,"column":21},"end":{"line":16,"column":22}},"loc":{"start":{"line":16,"column":60},"end":{"line":40,"column":1}},"line":16},"1":{"name":"(anonymous_1)","decl":{"start":{"line":22,"column":20},"end":{"line":22,"column":21}},"loc":{"start":{"line":22,"column":27},"end":{"line":22,"column":46}},"line":22},"2":{"name":"(anonymous_2)","decl":{"start":{"line":31,"column":20},"end":{"line":31,"column":21}},"loc":{"start":{"line":31,"column":34},"end":{"line":37,"column":3}},"line":31}},"branchMap":{"0":{"loc":{"start":{"line":17,"column":24},"end":{"line":19,"column":91}},"type":"cond-expr","locations":[{"start":{"line":18,"column":6},"end":{"line":18,"column":25}},{"start":{"line":19,"column":7},"end":{"line":19,"column":90}}],"line":17},"1":{"loc":{"start":{"line":19,"column":7},"end":{"line":19,"column":90}},"type":"cond-expr","locations":[{"start":{"line":19,"column":51},"end":{"line":19,"column":67}},{"start":{"line":19,"column":70},"end":{"line":19,"column":90}}],"line":19},"2":{"loc":{"start":{"line":34,"column":4},"end":{"line":36,"column":5}},"type":"if","locations":[{"start":{"line":34,"column":4},"end":{"line":36,"column":5}},{"start":{},"end":{}}],"line":34},"3":{"loc":{"start":{"line":34,"column":8},"end":{"line":34,"column":47}},"type":"binary-expr","locations":[{"start":{"line":34,"column":8},"end":{"line":34,"column":24}},{"start":{"line":34,"column":28},"end":{"line":34,"column":47}}],"line":34}},"s":{"0":0,"1":0,"2":0,"3":0,"4":0,"5":0,"6":0,"7":0,"8":0},"f":{"0":0,"1":0,"2":0},"b":{"0":[0,0],"1":[0,0],"2":[0,0],"3":[0,0]}}
,"/home/kleberjr/Software Engineering/CAMAAR/frontend/src/router/routes.js": {"path":"/home/kleberjr/Software Engineering/CAMAAR/frontend/src/router/routes.js","statementMap":{"0":{"start":{"line":10,"column":15},"end":{"line":58,"column":1}},"1":{"start":{"line":56,"column":21},"end":{"line":56,"column":54}}},"fnMap":{"0":{"name":"(anonymous_0)","decl":{"start":{"line":56,"column":15},"end":{"line":56,"column":16}},"loc":{"start":{"line":56,"column":21},"end":{"line":56,"column":54}},"line":56}},"branchMap":{},"s":{"0":0,"1":0},"f":{"0":0},"b":{}}
,"/home/kleberjr/Software Engineering/CAMAAR/frontend/src/stores/credentials.js": {"path":"/home/kleberjr/Software Engineering/CAMAAR/frontend/src/stores/credentials.js","statementMap":{"0":{"start":{"line":4,"column":32},"end":{"line":45,"column":2}},"1":{"start":{"line":5,"column":16},"end":{"line":7,"column":3}},"2":{"start":{"line":10,"column":6},"end":{"line":27,"column":7}},"3":{"start":{"line":11,"column":34},"end":{"line":18,"column":10}},"4":{"start":{"line":16,"column":12},"end":{"line":16,"column":66}},"5":{"start":{"line":19,"column":8},"end":{"line":21,"column":9}},"6":{"start":{"line":20,"column":10},"end":{"line":20,"column":77}},"7":{"start":{"line":23,"column":8},"end":{"line":23,"column":19}},"8":{"start":{"line":25,"column":8},"end":{"line":25,"column":29}},"9":{"start":{"line":26,"column":8},"end":{"line":26,"column":62}},"10":{"start":{"line":30,"column":20},"end":{"line":30,"column":49}},"11":{"start":{"line":31,"column":6},"end":{"line":41,"column":7}},"12":{"start":{"line":32,"column":8},"end":{"line":40,"column":9}},"13":{"start":{"line":34,"column":23},"end":{"line":34,"column":46}},"14":{"start":{"line":35,"column":10},"end":{"line":35,"column":36}},"15":{"start":{"line":37,"column":10},"end":{"line":37,"column":43}},"16":{"start":{"line":38,"column":10},"end":{"line":38,"column":29}},"17":{"start":{"line":39,"column":10},"end":{"line":39,"column":23}},"18":{"start":{"line":42,"column":6},"end":{"line":42,"column":19}}},"fnMap":{"0":{"name":"(anonymous_0)","decl":{"start":{"line":5,"column":9},"end":{"line":5,"column":10}},"loc":{"start":{"line":5,"column":16},"end":{"line":7,"column":3}},"line":5},"1":{"name":"(anonymous_1)","decl":{"start":{"line":9,"column":18},"end":{"line":9,"column":19}},"loc":{"start":{"line":9,"column":34},"end":{"line":28,"column":5}},"line":9},"2":{"name":"(anonymous_2)","decl":{"start":{"line":15,"column":26},"end":{"line":15,"column":27}},"loc":{"start":{"line":15,"column":43},"end":{"line":17,"column":11}},"line":15},"3":{"name":"(anonymous_3)","decl":{"start":{"line":29,"column":21},"end":{"line":29,"column":22}},"loc":{"start":{"line":29,"column":27},"end":{"line":43,"column":5}},"line":29}},"branchMap":{"0":{"loc":{"start":{"line":16,"column":19},"end":{"line":16,"column":66}},"type":"binary-expr","locations":[{"start":{"line":16,"column":19},"end":{"line":16,"column":32}},{"start":{"line":16,"column":36},"end":{"line":16,"column":48}},{"start":{"line":16,"column":52},"end":{"line":16,"column":66}}],"line":16},"1":{"loc":{"start":{"line":19,"column":8},"end":{"line":21,"column":9}},"type":"if","locations":[{"start":{"line":19,"column":8},"end":{"line":21,"column":9}},{"start":{},"end":{}}],"line":19},"2":{"loc":{"start":{"line":31,"column":6},"end":{"line":41,"column":7}},"type":"if","locations":[{"start":{"line":31,"column":6},"end":{"line":41,"column":7}},{"start":{},"end":{}}],"line":31}},"s":{"0":1,"1":4,"2":1,"3":1,"4":0,"5":0,"6":0,"7":0,"8":0,"9":0,"10":0,"11":0,"12":0,"13":0,"14":0,"15":0,"16":0,"17":0,"18":0},"f":{"0":4,"1":1,"2":0,"3":0},"b":{"0":[0,0,0],"1":[0,0],"2":[0,0]},"_coverageSchema":"1a1c01bbd47fc00a2c39e90264f33305004495a9","hash":"a68b66fc10070ccdb90fdcf0995453b222a7b9e9"}
,"/home/kleberjr/Software Engineering/CAMAAR/frontend/src/stores/index.js": {"path":"/home/kleberjr/Software Engineering/CAMAAR/frontend/src/stores/index.js","statementMap":{"0":{"start":{"line":14,"column":16},"end":{"line":14,"column":29}},"1":{"start":{"line":19,"column":2},"end":{"line":19,"column":14}}},"fnMap":{"0":{"name":"(anonymous_0)","decl":{"start":{"line":13,"column":21},"end":{"line":13,"column":22}},"loc":{"start":{"line":13,"column":47},"end":{"line":20,"column":1}},"line":13}},"branchMap":{},"s":{"0":0,"1":0},"f":{"0":0},"b":{}}
}
