{"/home/caio/estudo/CAMAAR/frontend/src/boot/axios.js": {"path":"/home/caio/estudo/CAMAAR/frontend/src/boot/axios.js","statementMap":{"0":{"start":{"line":10,"column":12},"end":{"line":10,"column":64}},"1":{"start":{"line":15,"column":2},"end":{"line":15,"column":44}},"2":{"start":{"line":19,"column":2},"end":{"line":19,"column":40}}},"fnMap":{"0":{"name":"(anonymous_0)","decl":{"start":{"line":12,"column":20},"end":{"line":12,"column":21}},"loc":{"start":{"line":12,"column":33},"end":{"line":22,"column":1}},"line":12}},"branchMap":{},"s":{"0":0,"1":0,"2":0},"f":{"0":0},"b":{}}
,"/home/caio/estudo/CAMAAR/frontend/src/boot/i18n.js": {"path":"/home/caio/estudo/CAMAAR/frontend/src/boot/i18n.js","statementMap":{"0":{"start":{"line":6,"column":15},"end":{"line":9,"column":4}},"1":{"start":{"line":12,"column":2},"end":{"line":12,"column":15}}},"fnMap":{"0":{"name":"(anonymous_0)","decl":{"start":{"line":5,"column":20},"end":{"line":5,"column":21}},"loc":{"start":{"line":5,"column":33},"end":{"line":13,"column":1}},"line":5}},"branchMap":{},"s":{"0":0,"1":0},"f":{"0":0},"b":{}}
,"/home/caio/estudo/CAMAAR/frontend/src/components/GenericTable.vue": {"path":"/home/caio/estudo/CAMAAR/frontend/src/components/GenericTable.vue","statementMap":{"0":{"start":{"line":57,"column":17},"end":{"line":57,"column":null}},"1":{"start":{"line":60,"column":6},"end":{"line":60,"column":13}},"2":{"start":{"line":67,"column":8},"end":{"line":67,"column":13}},"3":{"start":{"line":72,"column":8},"end":{"line":72,"column":15}},"4":{"start":{"line":73,"column":10},"end":{"line":73,"column":16}},"5":{"start":{"line":74,"column":25},"end":{"line":74,"column":29}},"6":{"start":{"line":75,"column":13},"end":{"line":75,"column":16}},"7":{"start":{"line":77,"column":10},"end":{"line":77,"column":17}}},"fnMap":{"0":{"name":"data","decl":{"start":{"line":57,"column":17},"end":{"line":57,"column":null}},"loc":{"start":{"line":59,"column":10},"end":{"line":64,"column":null}}},"1":{"name":"selected","decl":{"start":{"line":65,"column":11},"end":{"line":65,"column":null}},"loc":{"start":{"line":66,"column":24},"end":{"line":68,"column":null}}},"2":{"name":"treatedRows","decl":{"start":{"line":71,"column":19},"end":{"line":71,"column":31}},"loc":{"start":{"line":71,"column":31},"end":{"line":79,"column":null}}},"3":{"name":"(anonymous_3)","decl":{"start":{"line":72,"column":29},"end":{"line":72,"column":32}},"loc":{"start":{"line":72,"column":36},"end":{"line":78,"column":null}}},"4":{"name":"(anonymous_4)","decl":{"start":{"line":73,"column":35},"end":{"line":73,"column":38}},"loc":{"start":{"line":73,"column":42},"end":{"line":76,"column":null}}}},"branchMap":{"0":{"loc":{"start":{"line":75,"column":26},"end":{"line":75,"column":null}},"type":"cond-expr","locations":[{"start":{"line":75,"column":58},"end":{"line":75,"column":64}},{"start":{"line":75,"column":64},"end":{"line":75,"column":null}}]},"1":{"loc":{"start":{"line":75,"column":26},"end":{"line":75,"column":58}},"type":"binary-expr","locations":[{"start":{"line":75,"column":26},"end":{"line":75,"column":43}},{"start":{"line":75,"column":43},"end":{"line":75,"column":58}}]}},"s":{"0":3,"1":19,"2":0,"3":23,"4":24,"5":128,"6":128,"7":24},"f":{"0":19,"1":0,"2":23,"3":24,"4":128},"b":{"0":[83,45],"1":[128,47]}}
,"/home/caio/estudo/CAMAAR/frontend/src/i18n/index.js": {"path":"/home/caio/estudo/CAMAAR/frontend/src/i18n/index.js","statementMap":{},"fnMap":{},"branchMap":{},"s":{},"f":{},"b":{}}
,"/home/caio/estudo/CAMAAR/frontend/src/i18n/en-US/index.js": {"path":"/home/caio/estudo/CAMAAR/frontend/src/i18n/en-US/index.js","statementMap":{},"fnMap":{},"branchMap":{},"s":{},"f":{},"b":{}}
,"/home/caio/estudo/CAMAAR/frontend/src/layouts/MainLayout.vue": {"path":"/home/caio/estudo/CAMAAR/frontend/src/layouts/MainLayout.vue","statementMap":{"0":{"start":{"line":52,"column":18},"end":{"line":52,"column":null}}},"fnMap":{},"branchMap":{},"s":{"0":0},"f":{},"b":{}}
,"/home/caio/estudo/CAMAAR/frontend/src/router/index.js": {"path":"/home/caio/estudo/CAMAAR/frontend/src/router/index.js","statementMap":{"0":{"start":{"line":17,"column":24},"end":{"line":19,"column":91}},"1":{"start":{"line":21,"column":17},"end":{"line":29,"column":4}},"2":{"start":{"line":22,"column":27},"end":{"line":22,"column":46}},"3":{"start":{"line":31,"column":2},"end":{"line":38,"column":5}},"4":{"start":{"line":32,"column":24},"end":{"line":32,"column":42}},"5":{"start":{"line":33,"column":28},"end":{"line":33,"column":63}},"6":{"start":{"line":34,"column":4},"end":{"line":34,"column":33}},"7":{"start":{"line":35,"column":4},"end":{"line":37,"column":5}},"8":{"start":{"line":36,"column":6},"end":{"line":36,"column":31}},"9":{"start":{"line":40,"column":2},"end":{"line":40,"column":15}}},"fnMap":{"0":{"name":"(anonymous_0)","decl":{"start":{"line":16,"column":21},"end":{"line":16,"column":22}},"loc":{"start":{"line":16,"column":60},"end":{"line":41,"column":1}},"line":16},"1":{"name":"(anonymous_1)","decl":{"start":{"line":22,"column":20},"end":{"line":22,"column":21}},"loc":{"start":{"line":22,"column":27},"end":{"line":22,"column":46}},"line":22},"2":{"name":"(anonymous_2)","decl":{"start":{"line":31,"column":20},"end":{"line":31,"column":21}},"loc":{"start":{"line":31,"column":34},"end":{"line":38,"column":3}},"line":31}},"branchMap":{"0":{"loc":{"start":{"line":17,"column":24},"end":{"line":19,"column":91}},"type":"cond-expr","locations":[{"start":{"line":18,"column":6},"end":{"line":18,"column":25}},{"start":{"line":19,"column":7},"end":{"line":19,"column":90}}],"line":17},"1":{"loc":{"start":{"line":19,"column":7},"end":{"line":19,"column":90}},"type":"cond-expr","locations":[{"start":{"line":19,"column":51},"end":{"line":19,"column":67}},{"start":{"line":19,"column":70},"end":{"line":19,"column":90}}],"line":19},"2":{"loc":{"start":{"line":35,"column":4},"end":{"line":37,"column":5}},"type":"if","locations":[{"start":{"line":35,"column":4},"end":{"line":37,"column":5}},{"start":{},"end":{}}],"line":35},"3":{"loc":{"start":{"line":35,"column":8},"end":{"line":35,"column":47}},"type":"binary-expr","locations":[{"start":{"line":35,"column":8},"end":{"line":35,"column":24}},{"start":{"line":35,"column":28},"end":{"line":35,"column":47}}],"line":35}},"s":{"0":0,"1":0,"2":0,"3":0,"4":0,"5":0,"6":0,"7":0,"8":0,"9":0},"f":{"0":0,"1":0,"2":0},"b":{"0":[0,0],"1":[0,0],"2":[0,0],"3":[0,0]}}
,"/home/caio/estudo/CAMAAR/frontend/src/router/routes.js": {"path":"/home/caio/estudo/CAMAAR/frontend/src/router/routes.js","statementMap":{"0":{"start":{"line":5,"column":15},"end":{"line":28,"column":1}},"1":{"start":{"line":26,"column":21},"end":{"line":26,"column":54}}},"fnMap":{"0":{"name":"(anonymous_0)","decl":{"start":{"line":26,"column":15},"end":{"line":26,"column":16}},"loc":{"start":{"line":26,"column":21},"end":{"line":26,"column":54}},"line":26}},"branchMap":{},"s":{"0":0,"1":0},"f":{"0":0},"b":{}}
,"/home/caio/estudo/CAMAAR/frontend/src/stores/credentials.js": {"path":"/home/caio/estudo/CAMAAR/frontend/src/stores/credentials.js","statementMap":{"0":{"start":{"line":4,"column":32},"end":{"line":36,"column":2}},"1":{"start":{"line":5,"column":16},"end":{"line":7,"column":3}},"2":{"start":{"line":10,"column":6},"end":{"line":18,"column":7}},"3":{"start":{"line":13,"column":8},"end":{"line":13,"column":58}},"4":{"start":{"line":14,"column":8},"end":{"line":14,"column":20}},"5":{"start":{"line":16,"column":8},"end":{"line":16,"column":29}},"6":{"start":{"line":17,"column":8},"end":{"line":17,"column":62}},"7":{"start":{"line":21,"column":20},"end":{"line":21,"column":49}},"8":{"start":{"line":22,"column":6},"end":{"line":32,"column":7}},"9":{"start":{"line":23,"column":8},"end":{"line":31,"column":9}},"10":{"start":{"line":25,"column":23},"end":{"line":25,"column":46}},"11":{"start":{"line":26,"column":10},"end":{"line":26,"column":36}},"12":{"start":{"line":28,"column":10},"end":{"line":28,"column":43}},"13":{"start":{"line":29,"column":10},"end":{"line":29,"column":29}},"14":{"start":{"line":30,"column":10},"end":{"line":30,"column":23}},"15":{"start":{"line":33,"column":6},"end":{"line":33,"column":19}}},"fnMap":{"0":{"name":"(anonymous_0)","decl":{"start":{"line":5,"column":9},"end":{"line":5,"column":10}},"loc":{"start":{"line":5,"column":16},"end":{"line":7,"column":3}},"line":5},"1":{"name":"(anonymous_1)","decl":{"start":{"line":9,"column":18},"end":{"line":9,"column":19}},"loc":{"start":{"line":9,"column":34},"end":{"line":19,"column":5}},"line":9},"2":{"name":"(anonymous_2)","decl":{"start":{"line":20,"column":21},"end":{"line":20,"column":22}},"loc":{"start":{"line":20,"column":27},"end":{"line":34,"column":5}},"line":20}},"branchMap":{"0":{"loc":{"start":{"line":22,"column":6},"end":{"line":32,"column":7}},"type":"if","locations":[{"start":{"line":22,"column":6},"end":{"line":32,"column":7}},{"start":{},"end":{}}],"line":22}},"s":{"0":1,"1":4,"2":1,"3":1,"4":1,"5":0,"6":0,"7":0,"8":0,"9":0,"10":0,"11":0,"12":0,"13":0,"14":0,"15":0},"f":{"0":4,"1":1,"2":0},"b":{"0":[0,0]},"_coverageSchema":"1a1c01bbd47fc00a2c39e90264f33305004495a9","hash":"41f3ed6101380c021de362ff32d690f858a010a9"}
,"/home/caio/estudo/CAMAAR/frontend/src/stores/index.js": {"path":"/home/caio/estudo/CAMAAR/frontend/src/stores/index.js","statementMap":{"0":{"start":{"line":14,"column":16},"end":{"line":14,"column":29}},"1":{"start":{"line":19,"column":2},"end":{"line":19,"column":14}}},"fnMap":{"0":{"name":"(anonymous_0)","decl":{"start":{"line":13,"column":21},"end":{"line":13,"column":22}},"loc":{"start":{"line":13,"column":47},"end":{"line":20,"column":1}},"line":13}},"branchMap":{},"s":{"0":0,"1":0},"f":{"0":0},"b":{}}
}
