TN:
SF:src/boot/axios.js
FN:12,(anonymous_0)
FNF:1
FNH:0
FNDA:0,(anonymous_0)
DA:10,0
DA:15,0
DA:19,0
LF:3
LH:0
BRF:0
BRH:0
end_of_record
TN:
SF:src/boot/i18n.js
FN:5,(anonymous_0)
FNF:1
FNH:0
FNDA:0,(anonymous_0)
DA:6,0
DA:12,0
LF:2
LH:0
BRF:0
BRH:0
end_of_record
TN:
SF:src/components/FiltroRAluno.vue
FNF:0
FNH:0
DA:2,0
LF:1
LH:0
BRF:0
BRH:0
end_of_record
TN:
SF:src/components/GenericTable.vue
FN:57,data
FN:65,selected
FN:71,treatedRows
FN:72,(anonymous_3)
FN:73,(anonymous_4)
FNF:5
FNH:0
FNDA:0,data
FNDA:0,selected
FNDA:0,treatedRows
FNDA:0,(anonymous_3)
FNDA:0,(anonymous_4)
DA:57,0
DA:60,0
DA:67,0
DA:72,0
DA:73,0
DA:74,0
DA:75,0
DA:77,0
LF:8
LH:0
BRDA:75,0,0,0
BRDA:75,0,1,0
BRDA:75,1,0,0
BRDA:75,1,1,0
BRF:4
BRH:0
end_of_record
TN:
SF:src/components/SurveyQuestion.vue
FN:60,data
FN:73,updateAnswer
FN:84,(anonymous_3)
FNF:3
FNH:0
FNDA:0,data
FNDA:0,updateAnswer
FNDA:0,(anonymous_3)
DA:60,0
DA:63,0
DA:75,0
DA:81,0
DA:85,0
DA:86,0
DA:91,0
LF:7
LH:0
BRDA:85,0,0,0
BRDA:85,0,1,0
BRF:2
BRH:0
end_of_record
TN:
SF:src/components/surveySelector/checkboxSurvey.vue
FN:2,data
FN:13,addInput
FN:22,(anonymous_3)
FN:25,answer
FNF:4
FNH:0
FNDA:0,data
FNDA:0,addInput
FNDA:0,(anonymous_3)
FNDA:0,answer
DA:2,0
DA:4,0
DA:15,0
DA:19,0
DA:22,0
DA:23,0
DA:26,0
LF:7
LH:0
BRF:0
BRH:0
end_of_record
TN:
SF:src/components/surveySelector/linearScaleSurvey.vue
FN:3,onChangeSelectedIni
FN:13,answer
FN:2,data
FNF:3
FNH:0
FNDA:0,onChangeSelectedIni
FNDA:0,answer
FNDA:0,data
DA:2,0
DA:5,0
DA:6,0
DA:9,0
DA:10,0
DA:14,0
DA:23,0
LF:7
LH:0
BRF:0
BRH:0
end_of_record
TN:
SF:src/components/surveySelector/radioSurvey.vue
FN:2,data
FN:13,addInput
FN:22,(anonymous_3)
FN:25,answer
FNF:4
FNH:0
FNDA:0,data
FNDA:0,addInput
FNDA:0,(anonymous_3)
FNDA:0,answer
DA:2,0
DA:4,0
DA:15,0
DA:19,0
DA:22,0
DA:23,0
DA:26,0
LF:7
LH:0
BRF:0
BRH:0
end_of_record
TN:
SF:src/components/surveySelector/textSurvey.vue
FN:2,mounted
FN:10,resizeTextarea
FNF:2
FNH:2
FNDA:2,mounted
FNDA:2,resizeTextarea
DA:2,1
DA:4,2
DA:5,2
DA:8,0
DA:12,2
DA:13,2
LF:6
LH:5
BRF:0
BRH:0
end_of_record
TN:
SF:src/i18n/index.js
FNF:0
FNH:0
LF:0
LH:0
BRF:0
BRH:0
end_of_record
TN:
SF:src/i18n/en-US/index.js
FNF:0
FNH:0
LF:0
LH:0
BRF:0
BRH:0
end_of_record
TN:
SF:src/layouts/MainLayout.vue
FNF:0
FNH:0
DA:52,0
LF:1
LH:0
BRF:0
BRH:0
end_of_record
TN:
SF:src/router/index.js
FN:16,(anonymous_0)
FN:22,(anonymous_1)
FN:31,(anonymous_2)
FNF:3
FNH:0
FNDA:0,(anonymous_0)
FNDA:0,(anonymous_1)
FNDA:0,(anonymous_2)
DA:17,0
DA:21,0
DA:22,0
DA:31,0
DA:32,0
DA:33,0
DA:34,0
DA:35,0
DA:39,0
LF:9
LH:0
BRDA:17,0,0,0
BRDA:17,0,1,0
BRDA:19,1,0,0
BRDA:19,1,1,0
BRDA:34,2,0,0
BRDA:34,2,1,0
BRDA:34,3,0,0
BRDA:34,3,1,0
BRF:8
BRH:0
end_of_record
TN:
SF:src/router/routes.js
FN:56,(anonymous_0)
FNF:1
FNH:0
FNDA:0,(anonymous_0)
DA:10,0
DA:56,0
LF:2
LH:0
BRF:0
BRH:0
end_of_record
TN:
SF:src/stores/credentials.js
FN:5,(anonymous_0)
FN:9,(anonymous_1)
FN:20,(anonymous_2)
FNF:3
FNH:0
FNDA:0,(anonymous_0)
FNDA:0,(anonymous_1)
FNDA:0,(anonymous_2)
DA:4,0
DA:5,0
DA:10,0
DA:13,0
DA:14,0
DA:16,0
DA:17,0
DA:21,0
DA:22,0
DA:23,0
DA:25,0
DA:26,0
DA:28,0
DA:29,0
DA:30,0
DA:33,0
LF:16
LH:0
BRDA:22,0,0,0
BRDA:22,0,1,0
BRF:2
BRH:0
end_of_record
TN:
SF:src/stores/index.js
FN:13,(anonymous_0)
FNF:1
FNH:0
FNDA:0,(anonymous_0)
DA:14,0
DA:19,0
LF:2
LH:0
BRF:0
BRH:0
end_of_record
