{
  "RSpec": {
    "coverage": {
      "/home/maria/Downloads/camaar-rep/CAMAAR/backend/app/models/user.rb": {
        "lines": [
          1,
          null,
          null,
          1,
          null,
          null,
          1,
          null
        ]
      },
      "/home/maria/Downloads/camaar-rep/CAMAAR/backend/app/models/application_record.rb": {
        "lines": [
          1,
          1,
          null
        ]
      },
      "/home/maria/Downloads/camaar-rep/CAMAAR/backend/app/models/jwt_denylist.rb": {
        "lines": [
          1,
          1,
          null,
          1,
          null
        ]
      },
      "/home/maria/Downloads/camaar-rep/CAMAAR/backend/app/controllers/scrapper_controller.rb": {
        "lines": [
          null,
          null,
          null,
          1,
          null,
          null,
          null,
          null,
          null,
          null,
          null,
          null,
          null,
          null,
          1,
          1,
          1,
          1,
          1,
          2,
          1,
          null,
          1,
          null,
          null,
          null,
          null,
          null,
          null,
          null,
          null,
          1,
          2,
          null,
          1,
          null,
          null,
          null,
          null,
          1,
          null,
          null,
          1,
          1,
          1,
          1,
          2,
          null,
          null,
          null,
          null,
          null,
          1,
          2,
          2,
          null,
          null,
          null,
          2,
          null,
          null
        ]
      },
      "/home/maria/Downloads/camaar-rep/CAMAAR/backend/app/controllers/application_controller.rb": {
        "lines": [
          1,
          null
        ]
      },
      "/home/maria/Downloads/camaar-rep/CAMAAR/backend/app/controllers/surveys_controller.rb": {
        "lines": [
          null,
          null,
          null,
          null,
          1,
          1,
          1,
          null,
          null,
          null,
          null,
          null,
          null,
          null,
          1,
          2,
          null,
          null,
          null,
          null,
          null,
          null,
          null,
          null,
          null,
          1,
          1,
          0,
          null,
          null,
          1,
          null,
          null,
          null,
          null,
          null,
          null,
          null,
          null,
          null,
          1,
          0,
          null,
          null,
          1,
          null,
          null,
          null,
          null,
          1,
          2,
          null,
          null,
          null,
          null,
          null,
          1,
          0,
          null,
          null
        ]
      },
      "/home/maria/Downloads/camaar-rep/CAMAAR/backend/app/controllers/users_controller.rb": {
        "lines": [
          null,
          null,
          1,
          null,
          null,
          null,
          null,
          null,
          null,
          null,
          null,
          null,
          null,
          null,
          null,
          1,
          1,
          1,
          2,
          null,
          2,
          null,
          null,
          null,
          null,
          null,
          null,
          null,
          null,
          null,
          null,
          null,
          null,
          null,
          1,
          0,
          null,
          null,
          null,
          null,
          null,
          null,
          null,
          null,
          null,
          null,
          null,
          null,
          null,
          null,
          null,
          null,
          1,
          2,
          null,
          null,
          null,
          null,
          null,
          null,
          null,
          null,
          null,
          null,
          null,
          null,
          null,
          null,
          null,
          null,
          null,
          1,
          1,
          2,
          2,
          2,
          0,
          0,
          null,
          2,
          null,
          null
        ]
      },
      "/home/maria/Downloads/camaar-rep/CAMAAR/backend/app/models/cclass.rb": {
        "lines": [
          1,
          1,
          1,
          1,
          1,
          null
        ]
      },
      "/home/maria/Downloads/camaar-rep/CAMAAR/backend/app/models/enrollment.rb": {
        "lines": [
          1,
          1,
          1,
          null
        ]
      },
      "/home/maria/Downloads/camaar-rep/CAMAAR/backend/app/models/likert_scale_answer.rb": {
        "lines": [
          1,
          1,
          1,
          null
        ]
      },
      "/home/maria/Downloads/camaar-rep/CAMAAR/backend/app/models/likert_scale_question.rb": {
        "lines": [
          1,
          1,
          1,
          null
        ]
      },
      "/home/maria/Downloads/camaar-rep/CAMAAR/backend/app/models/member.rb": {
        "lines": [
          1,
          1,
          1,
          1,
          1,
          null
        ]
      },
      "/home/maria/Downloads/camaar-rep/CAMAAR/backend/app/models/question_answer.rb": {
        "lines": [
          null,
          null,
          null,
          null,
          1,
          1,
          1,
          1,
          null
        ]
      },
      "/home/maria/Downloads/camaar-rep/CAMAAR/backend/app/models/question_option.rb": {
        "lines": [
          null,
          null,
          null,
          null,
          1,
          1,
          null
        ]
      },
      "/home/maria/Downloads/camaar-rep/CAMAAR/backend/app/models/question_type.rb": {
        "lines": [
          1,
          1,
          null
        ]
      },
      "/home/maria/Downloads/camaar-rep/CAMAAR/backend/app/models/role.rb": {
        "lines": [
          1,
          1,
          1,
          null
        ]
      },
      "/home/maria/Downloads/camaar-rep/CAMAAR/backend/app/models/subject.rb": {
        "lines": [
          1,
          1,
          1,
          1,
          null
        ]
      },
      "/home/maria/Downloads/camaar-rep/CAMAAR/backend/app/models/survey_answer.rb": {
        "lines": [
          1,
          1,
          1,
          1,
          1,
          1,
          null,
          1,
          0,
          null,
          null,
          null,
          null,
          null,
          null,
          null,
          null,
          null,
          null,
          null,
          null,
          null,
          null,
          null,
          null,
          null,
          null,
          null
        ]
      },
      "/home/maria/Downloads/camaar-rep/CAMAAR/backend/app/models/survey_question.rb": {
        "lines": [
          null,
          null,
          null,
          null,
          1,
          1,
          1,
          1,
          1,
          1,
          1,
          1,
          1,
          null,
          1,
          0,
          null,
          null,
          null,
          null,
          null,
          null,
          null,
          null,
          null,
          null,
          null,
          null,
          null,
          null,
          null
        ]
      },
      "/home/maria/Downloads/camaar-rep/CAMAAR/backend/app/models/survey.rb": {
        "lines": [
          null,
          null,
          null,
          null,
          1,
          1,
          1,
          1,
          1,
          1,
          null,
          null,
          null,
          null,
          null,
          null,
          1,
          0,
          null,
          null,
          1,
          0,
          null,
          null,
          null,
          null,
          null,
          null,
          null,
          null,
          null,
          null,
          null,
          null,
          null,
          null,
          null,
          null,
          null,
          null,
          null,
          null,
          null,
          null,
          null,
          null,
          null,
          null,
          null,
          null,
          null,
          null
        ]
      },
      "/home/maria/Downloads/camaar-rep/CAMAAR/backend/app/services/api/search_classes.rb": {
        "lines": [
          null,
          null,
          null,
          null,
          1,
          null,
          1,
          null,
          1,
          null,
          null,
          null,
          null,
          1,
          1,
          null,
          null,
          1,
          1,
          1,
          0,
          null,
          null,
          null
        ]
      },
      "/home/maria/Downloads/camaar-rep/CAMAAR/backend/app/services/api/import_data.rb": {
        "lines": [
          null,
          null,
          null,
          null,
          1,
          null,
          1,
          0,
          null,
          null,
          1,
          0,
          0,
          0,
          null,
          null,
          null
        ]
      },
      "/home/maria/Downloads/camaar-rep/CAMAAR/backend/app/controllers/cclasses_controller.rb": {
        "lines": [
          null,
          null,
          null,
          1,
          null,
          null,
          null,
          null,
          null,
          null,
          null,
          null,
          null,
          1,
          1,
          0,
          0,
          0,
          0,
          0,
          null,
          0,
          0,
          null,
          null,
          1,
          1,
          1,
          1,
          null,
          null,
          null,
          1,
          1,
          1,
          null,
          null
        ]
      },
      "/home/maria/Downloads/camaar-rep/CAMAAR/backend/app/controllers/members_controller.rb": {
        "lines": [
          1,
          1,
          2,
          1,
          1,
          null,
          1,
          null,
          2,
          null,
          null,
          1,
          2,
          2,
          null,
          null
        ]
      },
      "/home/maria/Downloads/camaar-rep/CAMAAR/backend/app/controllers/subjects_controller.rb": {
        "lines": [
          1,
          1,
          1,
          1,
          null,
          null,
          1,
          1,
          1,
          null,
          null
        ]
      },
      "/home/maria/Downloads/camaar-rep/CAMAAR/backend/app/channels/application_cable/channel.rb": {
        "lines": [
          0,
          0,
          0,
          0
        ],
        "branches": {
        }
      },
      "/home/maria/Downloads/camaar-rep/CAMAAR/backend/app/channels/application_cable/connection.rb": {
        "lines": [
          0,
          0,
          0,
          0
        ],
        "branches": {
        }
      },
      "/home/maria/Downloads/camaar-rep/CAMAAR/backend/app/mailers/application_mailer.rb": {
        "lines": [
          0,
          0,
          0,
          0
        ],
        "branches": {
        }
      },
      "/home/maria/Downloads/camaar-rep/CAMAAR/backend/app/controllers/materia_controller.rb": {
        "lines": [
          0,
          0,
          0,
          null,
          null,
          0,
          0,
          null,
          0,
          0,
          null,
          null,
          0,
          0,
          0,
          null,
          null,
          0,
          0,
          null,
          0,
          0,
          0,
          0,
          0,
          0,
          null,
          null,
          0,
          0,
          0,
          0,
          0,
          0,
          0,
          null,
          null,
          0,
          0,
          0,
          null,
          0,
          null,
          0,
          0,
          0,
          null,
          null,
          0,
          0,
          0,
          0
        ],
        "branches": {
        }
      },
      "/home/maria/Downloads/camaar-rep/CAMAAR/backend/app/controllers/question_answers_controller.rb": {
        "lines": [
          null,
          null,
          null,
          null,
          null,
          null,
          null,
          null,
          null,
          null,
          null,
          null,
          null,
          null,
          null,
          null,
          null,
          null,
          null,
          null,
          null,
          null,
          null,
          null,
          null,
          null,
          null,
          null,
          null,
          null,
          null,
          null,
          null,
          null,
          null,
          null,
          null,
          null,
          null,
          null,
          null,
          null,
          null,
          null,
          null,
          null,
          null,
          null,
          null,
          null,
          null,
          null,
          null,
          null,
          null,
          null,
          null,
          null
        ],
        "branches": {
        }
      },
      "/home/maria/Downloads/camaar-rep/CAMAAR/backend/app/controllers/template_controller.rb": {
        "lines": [
          0,
          0,
          null,
          0,
          0,
          0,
          0,
          0,
          0,
          0,
          null,
          null,
          null,
          0,
          0,
          0,
          0,
          0,
          0,
          0,
          0
        ],
        "branches": {
        }
      },
      "/home/maria/Downloads/camaar-rep/CAMAAR/backend/app/controllers/users/registrations_controller.rb": {
        "lines": [
          0,
          0,
          0,
          0,
          0,
          null,
          0,
          0,
          0,
          0,
          0,
          0,
          0,
          0,
          0,
          0,
          0,
          null,
          0
        ],
        "branches": {
        }
      },
      "/home/maria/Downloads/camaar-rep/CAMAAR/backend/app/controllers/users/sessions_controller.rb": {
        "lines": [
          0,
          0,
          0,
          0,
          0,
          0,
          0,
          0,
          0,
          null,
          0,
          0,
          null,
          0,
          0,
          0,
          0,
          0,
          0,
          null,
          0,
          0,
          0,
          0,
          0,
          0,
          0
        ],
        "branches": {
        }
      },
      "/home/maria/Downloads/camaar-rep/CAMAAR/backend/app/jobs/application_job.rb": {
        "lines": [
          0,
          null,
          null,
          null,
          null,
          null,
          0
        ],
        "branches": {
        }
      }
    },
    "timestamp": 1663846439
  }
}
