{
  "RSpec": {
    "coverage": {
      "/home/jpantonow/Documents/Estudos/UNB/5o Semestre/ENG-SOFTWARE/camaar/CAMAAR/camaar/app/models/user.rb": {
        "lines": [
          1,
          null,
          null,
          1,
          null,
          null,
          null,
          null,
          null
        ]
      },
      "/home/jpantonow/Documents/Estudos/UNB/5o Semestre/ENG-SOFTWARE/camaar/CAMAAR/camaar/app/models/application_record.rb": {
        "lines": [
          1,
          1,
          null
        ]
      },
      "/home/jpantonow/Documents/Estudos/UNB/5o Semestre/ENG-SOFTWARE/camaar/CAMAAR/camaar/app/models/admin.rb": {
        "lines": [
          1,
          null,
          null,
          1,
          null,
          null,
          null,
          null
        ]
      },
      "/home/jpantonow/Documents/Estudos/UNB/5o Semestre/ENG-SOFTWARE/camaar/CAMAAR/camaar/lib/custom_failure.rb": {
        "lines": [
          1,
          1,
          2,
          0,
          null,
          2,
          null,
          null,
          null,
          1,
          2,
          2,
          0,
          null,
          2,
          null,
          null,
          null
        ]
      },
      "/home/jpantonow/Documents/Estudos/UNB/5o Semestre/ENG-SOFTWARE/camaar/CAMAAR/camaar/app/controllers/admins_controller.rb": {
        "lines": [
          1,
          1,
          null,
          1,
          1,
          1,
          1,
          1,
          null,
          null,
          1,
          0,
          0,
          null,
          null,
          1,
          0,
          0,
          null,
          0,
          0,
          0,
          0,
          null,
          0,
          0,
          null,
          0,
          0,
          0,
          0,
          null,
          0,
          0,
          0,
          null,
          null,
          null,
          null,
          null,
          null,
          0,
          0,
          0,
          0,
          null,
          null,
          null,
          null,
          null,
          null,
          null,
          0,
          null,
          null,
          null,
          0,
          null,
          null,
          null,
          null,
          0,
          null,
          0,
          null,
          0,
          0,
          0,
          null,
          null,
          null,
          null,
          null,
          0,
          0,
          0,
          0,
          null,
          null,
          null,
          null,
          null,
          null,
          null,
          0,
          null,
          null,
          null,
          0,
          null,
          null,
          null,
          null,
          null,
          0,
          null,
          null,
          null,
          null,
          1,
          0,
          0,
          0,
          null,
          0,
          null,
          0,
          null,
          0,
          0,
          null,
          null,
          null,
          null,
          null,
          0,
          0,
          0,
          null,
          null,
          0,
          0,
          null,
          0,
          null,
          null,
          null,
          null,
          null,
          0,
          0,
          0,
          0,
          null,
          0,
          0,
          null,
          0,
          null,
          null,
          null,
          0,
          0,
          0,
          null,
          0,
          null,
          null,
          null,
          null,
          null,
          null,
          0,
          0,
          0,
          0,
          null,
          0,
          0,
          null,
          null,
          0,
          null,
          null,
          null,
          0,
          0,
          null,
          null,
          null,
          0,
          0,
          null,
          null,
          0,
          null,
          0,
          0,
          0,
          null,
          null,
          null,
          0,
          null,
          null,
          null,
          null,
          0,
          null,
          0,
          0,
          null,
          null,
          null,
          0,
          null,
          null,
          null,
          null,
          0,
          0,
          null,
          0,
          0,
          0,
          0,
          null,
          0,
          0,
          0,
          0,
          null,
          0,
          0,
          0,
          0,
          null,
          null,
          null,
          null,
          null,
          null,
          0,
          null,
          0,
          null,
          null,
          null,
          1,
          0,
          null,
          0,
          0,
          0,
          null,
          0,
          0,
          null,
          0,
          null,
          0,
          null,
          null,
          0,
          0,
          null,
          null,
          0,
          null,
          0,
          0,
          0,
          null,
          0,
          null,
          0,
          0,
          0,
          null,
          null,
          null,
          1,
          0,
          0,
          0,
          null,
          null,
          1,
          0,
          null,
          0,
          0,
          0,
          null,
          0,
          null,
          null,
          0,
          0,
          0,
          null,
          0,
          null,
          0,
          0,
          null,
          0,
          0,
          0,
          0,
          null,
          null,
          null,
          0,
          0,
          null,
          null,
          null,
          null,
          null,
          0,
          null,
          null,
          1,
          0,
          0,
          null,
          0,
          0,
          0,
          null,
          0,
          0,
          null,
          0,
          0,
          null,
          null,
          null,
          0,
          null,
          1,
          0,
          null,
          0,
          0,
          0,
          0,
          null,
          null,
          null,
          1,
          0,
          0,
          0,
          0,
          0,
          0,
          0,
          0,
          0,
          0,
          null,
          0,
          0,
          0,
          0,
          null,
          null,
          0,
          0,
          0,
          0,
          null,
          0,
          null,
          null,
          null,
          0,
          0,
          0,
          0,
          null,
          0,
          0,
          null,
          0,
          0,
          0,
          0,
          0,
          null,
          0,
          0,
          0,
          0,
          null,
          null,
          0,
          0,
          0,
          0,
          null,
          0,
          null,
          null,
          null,
          0,
          null,
          null,
          1,
          0,
          0,
          0,
          0,
          null,
          0,
          null,
          null,
          0,
          null,
          0,
          0,
          0,
          null,
          0,
          null,
          0,
          0,
          null,
          null,
          null,
          0,
          null,
          null,
          0,
          0,
          0,
          null,
          0,
          null,
          0,
          0,
          0,
          null,
          null,
          0,
          null,
          null
        ]
      },
      "/home/jpantonow/Documents/Estudos/UNB/5o Semestre/ENG-SOFTWARE/camaar/CAMAAR/camaar/app/controllers/application_controller.rb": {
        "lines": [
          null,
          1,
          null,
          1,
          1,
          null,
          1,
          11,
          null,
          5,
          6,
          6,
          null,
          0,
          null,
          null,
          null,
          1,
          null,
          1,
          53,
          53,
          53,
          53,
          53,
          null,
          null,
          1,
          4,
          4,
          4,
          4,
          4,
          null,
          null,
          1,
          5,
          5,
          1,
          1,
          null,
          1,
          1,
          null,
          4,
          4,
          4,
          4,
          null,
          null,
          null
        ]
      },
      "/home/jpantonow/Documents/Estudos/UNB/5o Semestre/ENG-SOFTWARE/camaar/CAMAAR/camaar/app/helpers/application_helper.rb": {
        "lines": [
          1,
          null
        ]
      },
      "/home/jpantonow/Documents/Estudos/UNB/5o Semestre/ENG-SOFTWARE/camaar/CAMAAR/camaar/app/helpers/admin_helper.rb": {
        "lines": [
          1,
          null
        ]
      },
      "/home/jpantonow/Documents/Estudos/UNB/5o Semestre/ENG-SOFTWARE/camaar/CAMAAR/camaar/app/helpers/classes_helper.rb": {
        "lines": [
          1,
          null
        ]
      },
      "/home/jpantonow/Documents/Estudos/UNB/5o Semestre/ENG-SOFTWARE/camaar/CAMAAR/camaar/app/helpers/departments_helper.rb": {
        "lines": [
          1,
          null
        ]
      },
      "/home/jpantonow/Documents/Estudos/UNB/5o Semestre/ENG-SOFTWARE/camaar/CAMAAR/camaar/app/helpers/errors_helper.rb": {
        "lines": [
          1,
          null
        ]
      },
      "/home/jpantonow/Documents/Estudos/UNB/5o Semestre/ENG-SOFTWARE/camaar/CAMAAR/camaar/app/helpers/forms_helper.rb": {
        "lines": [
          1,
          null
        ]
      },
      "/home/jpantonow/Documents/Estudos/UNB/5o Semestre/ENG-SOFTWARE/camaar/CAMAAR/camaar/app/helpers/subject_classes_helper.rb": {
        "lines": [
          1,
          null
        ]
      },
      "/home/jpantonow/Documents/Estudos/UNB/5o Semestre/ENG-SOFTWARE/camaar/CAMAAR/camaar/app/helpers/subjectclasss_helper.rb": {
        "lines": [
          1,
          null
        ]
      },
      "/home/jpantonow/Documents/Estudos/UNB/5o Semestre/ENG-SOFTWARE/camaar/CAMAAR/camaar/app/helpers/template_questions_helper.rb": {
        "lines": [
          1,
          null
        ]
      },
      "/home/jpantonow/Documents/Estudos/UNB/5o Semestre/ENG-SOFTWARE/camaar/CAMAAR/camaar/app/helpers/templates_helper.rb": {
        "lines": [
          1,
          null
        ]
      },
      "/home/jpantonow/Documents/Estudos/UNB/5o Semestre/ENG-SOFTWARE/camaar/CAMAAR/camaar/app/controllers/answers_controller.rb": {
        "lines": [
          1,
          null,
          1,
          1,
          1,
          null,
          1,
          0,
          null,
          0,
          null,
          0,
          null,
          0,
          0,
          0,
          null,
          0,
          null,
          null,
          null,
          null,
          null,
          null,
          0,
          null,
          0,
          0,
          0,
          null,
          0,
          null,
          null,
          null,
          null,
          null,
          null,
          null,
          0,
          null,
          null,
          1,
          0,
          0,
          null,
          0,
          0,
          0,
          0,
          null,
          0,
          null,
          null,
          null,
          0,
          null,
          null,
          0,
          null,
          null
        ]
      },
      "/home/jpantonow/Documents/Estudos/UNB/5o Semestre/ENG-SOFTWARE/camaar/CAMAAR/camaar/app/controllers/classes_controller.rb": {
        "lines": [
          1,
          1,
          0,
          0,
          null,
          null,
          1,
          null,
          null
        ]
      },
      "/home/jpantonow/Documents/Estudos/UNB/5o Semestre/ENG-SOFTWARE/camaar/CAMAAR/camaar/app/controllers/forms_controller.rb": {
        "lines": [
          1,
          1,
          1,
          1,
          null,
          1,
          5,
          5,
          null,
          5,
          5,
          null,
          1,
          1,
          1,
          null,
          0,
          null,
          null,
          4,
          null,
          null,
          5,
          5,
          5,
          null,
          0,
          null,
          0,
          0,
          null,
          0,
          0,
          null,
          0,
          null,
          0,
          null,
          0,
          null,
          null,
          0,
          0,
          null,
          0,
          null,
          null,
          0,
          0,
          null,
          0,
          null,
          null,
          null,
          null,
          null,
          1,
          0,
          0,
          null,
          null,
          1,
          null,
          1,
          0,
          0,
          null,
          0,
          0,
          0,
          0,
          0,
          null,
          0,
          0,
          null,
          null,
          null,
          null
        ]
      },
      "/home/jpantonow/Documents/Estudos/UNB/5o Semestre/ENG-SOFTWARE/camaar/CAMAAR/camaar/app/controllers/home_controller.rb": {
        "lines": [
          1,
          1,
          null,
          1,
          null,
          1,
          1,
          9,
          1,
          8,
          1,
          null,
          null,
          null
        ]
      },
      "/home/jpantonow/Documents/Estudos/UNB/5o Semestre/ENG-SOFTWARE/camaar/CAMAAR/camaar/app/controllers/subject_classes_controller.rb": {
        "lines": [
          1,
          1,
          null,
          1,
          0,
          0,
          null,
          0,
          0,
          0,
          null,
          null,
          0,
          0,
          0,
          0,
          null,
          null,
          0,
          0,
          0,
          0,
          null,
          null,
          0,
          null,
          0,
          0,
          null,
          null,
          null
        ]
      },
      "/home/jpantonow/Documents/Estudos/UNB/5o Semestre/ENG-SOFTWARE/camaar/CAMAAR/camaar/app/controllers/template_questions_controller.rb": {
        "lines": [
          1,
          1,
          1,
          1,
          1,
          1,
          null,
          1,
          null,
          null,
          1,
          null,
          null,
          1,
          0,
          0,
          0,
          null,
          null,
          1,
          0,
          0,
          0,
          0,
          null,
          null,
          0,
          null,
          null,
          null,
          null,
          null,
          null,
          0,
          0,
          0,
          null,
          0,
          0,
          0,
          null,
          null,
          null,
          1,
          0,
          0,
          0,
          null,
          null,
          null,
          1,
          0,
          0,
          null,
          null,
          1,
          0,
          0,
          0,
          null,
          0,
          null,
          null,
          null,
          null,
          null,
          null,
          0,
          0,
          0,
          null,
          0,
          null,
          0,
          null,
          0,
          0,
          null,
          null,
          null,
          1,
          0,
          null,
          null,
          1,
          0,
          null,
          null,
          1,
          0,
          null,
          0,
          0,
          0,
          0,
          0,
          0,
          null,
          0,
          null,
          null,
          0,
          0,
          null,
          null,
          null,
          null,
          0,
          null,
          null,
          1,
          0,
          0,
          0,
          0,
          0,
          null,
          0,
          0,
          0,
          0,
          null,
          null,
          null,
          1,
          0,
          0,
          0,
          0,
          null,
          null,
          1,
          0,
          0,
          0,
          0,
          null,
          0,
          0,
          0,
          null,
          0,
          0,
          0,
          0,
          null,
          null,
          null,
          null,
          null,
          1,
          0,
          null,
          0,
          0,
          null,
          0,
          null,
          null,
          null,
          1,
          0,
          0,
          0,
          0,
          null,
          null
        ]
      },
      "/home/jpantonow/Documents/Estudos/UNB/5o Semestre/ENG-SOFTWARE/camaar/CAMAAR/camaar/app/controllers/templates_controller.rb": {
        "lines": [
          1,
          null,
          1,
          1,
          1,
          1,
          1,
          1,
          null,
          1,
          4,
          null,
          null,
          1,
          0,
          0,
          null,
          null,
          1,
          null,
          null,
          1,
          0,
          0,
          null,
          null,
          1,
          null,
          null,
          1,
          0,
          0,
          null,
          0,
          0,
          null,
          null,
          null,
          null,
          null,
          0,
          0,
          null,
          null,
          0,
          null,
          null,
          0,
          null,
          null,
          null,
          1,
          0,
          null,
          0,
          0,
          null,
          null,
          null,
          1,
          4,
          null,
          0,
          null,
          null,
          null,
          1,
          0,
          0,
          null,
          null,
          1,
          4,
          4,
          4,
          null,
          null,
          null,
          1,
          0,
          null,
          0,
          0,
          0,
          0,
          0,
          null,
          0,
          0,
          null,
          null,
          null
        ]
      },
      "/home/jpantonow/Documents/Estudos/UNB/5o Semestre/ENG-SOFTWARE/camaar/CAMAAR/camaar/app/controllers/users_controller.rb": {
        "lines": [
          1,
          null,
          1,
          1,
          1,
          1,
          null,
          1,
          null,
          1,
          null,
          1,
          null,
          1,
          null,
          0,
          null,
          null,
          1,
          null,
          null,
          null,
          1,
          null,
          1,
          null,
          1,
          null,
          null,
          null,
          null,
          null,
          null,
          null,
          null,
          null,
          null,
          null,
          null,
          null
        ]
      },
      "/home/jpantonow/Documents/Estudos/UNB/5o Semestre/ENG-SOFTWARE/camaar/CAMAAR/camaar/app/controllers/admins/confirmations_controller.rb": {
        "lines": [
          null,
          null,
          1,
          null,
          1,
          1,
          null,
          null,
          null,
          1,
          1,
          null,
          null,
          null,
          1,
          1,
          null,
          null,
          null,
          null,
          null,
          1,
          1,
          null,
          null,
          null,
          1,
          1,
          null,
          null
        ]
      },
      "/home/jpantonow/Documents/Estudos/UNB/5o Semestre/ENG-SOFTWARE/camaar/CAMAAR/camaar/app/controllers/admins/passwords_controller.rb": {
        "lines": [
          null,
          null,
          1,
          null,
          1,
          1,
          null,
          null,
          null,
          1,
          1,
          null,
          null,
          null,
          1,
          1,
          null,
          null,
          null,
          null,
          1,
          1,
          null,
          1,
          1,
          1,
          1,
          1,
          null,
          1,
          null,
          0,
          null,
          null,
          null,
          1,
          null,
          1,
          1,
          null,
          null,
          null,
          1,
          1,
          null,
          null
        ]
      },
      "/home/jpantonow/Documents/Estudos/UNB/5o Semestre/ENG-SOFTWARE/camaar/CAMAAR/camaar/app/controllers/admins/registrations_controller.rb": {
        "lines": [
          null,
          null,
          1,
          1,
          1,
          null,
          null,
          1,
          1,
          null,
          null,
          null,
          1,
          2,
          2,
          null,
          null,
          null,
          null,
          1,
          1,
          null,
          null,
          null,
          null,
          null,
          null,
          null,
          null,
          1,
          1,
          null,
          null,
          null,
          null,
          null,
          null,
          null,
          null,
          null,
          null,
          null,
          1,
          null,
          1,
          2,
          null,
          null,
          null,
          null,
          null,
          null,
          null,
          null,
          1,
          2,
          2,
          null,
          null,
          null,
          null,
          null,
          null,
          null,
          null,
          null,
          1,
          0,
          null,
          null,
          null,
          1,
          2,
          null,
          null
        ]
      },
      "/home/jpantonow/Documents/Estudos/UNB/5o Semestre/ENG-SOFTWARE/camaar/CAMAAR/camaar/app/controllers/admins/sessions_controller.rb": {
        "lines": [
          null,
          null,
          1,
          1,
          null,
          null,
          1,
          6,
          null,
          null,
          null,
          1,
          5,
          null,
          null,
          null,
          1,
          2,
          null,
          null,
          1,
          null,
          null,
          1,
          5,
          null,
          null
        ]
      },
      "/home/jpantonow/Documents/Estudos/UNB/5o Semestre/ENG-SOFTWARE/camaar/CAMAAR/camaar/app/controllers/users/confirmations_controller.rb": {
        "lines": [
          null,
          null,
          1,
          null,
          1,
          1,
          null,
          null,
          null,
          1,
          1,
          null,
          null,
          null,
          1,
          1,
          null,
          null,
          1,
          null,
          null,
          1,
          1,
          null,
          null,
          null,
          1,
          1,
          null,
          null
        ]
      },
      "/home/jpantonow/Documents/Estudos/UNB/5o Semestre/ENG-SOFTWARE/camaar/CAMAAR/camaar/app/controllers/users/passwords_controller.rb": {
        "lines": [
          null,
          null,
          1,
          null,
          1,
          1,
          null,
          null,
          null,
          1,
          1,
          null,
          null,
          1,
          null,
          null,
          1,
          1,
          null,
          null,
          null,
          null,
          1,
          1,
          null,
          1,
          1,
          1,
          1,
          1,
          null,
          1,
          null,
          0,
          null,
          null,
          null,
          1,
          null,
          1,
          1,
          null,
          null,
          null,
          1,
          1,
          null,
          null
        ]
      },
      "/home/jpantonow/Documents/Estudos/UNB/5o Semestre/ENG-SOFTWARE/camaar/CAMAAR/camaar/app/controllers/users/registrations_controller.rb": {
        "lines": [
          null,
          null,
          1,
          1,
          1,
          null,
          null,
          1,
          1,
          1,
          1,
          null,
          null,
          null,
          1,
          2,
          null,
          null,
          null,
          1,
          1,
          null,
          null,
          null,
          null,
          null,
          null,
          null,
          null,
          1,
          1,
          null,
          null,
          null,
          null,
          null,
          null,
          null,
          null,
          null,
          null,
          null,
          1,
          null,
          1,
          2,
          null,
          null,
          null,
          null,
          null,
          null,
          null,
          1,
          2,
          2,
          null,
          null,
          null,
          null,
          null,
          null,
          null,
          null,
          null,
          1,
          0,
          null,
          null,
          null,
          1,
          2,
          null,
          null
        ]
      },
      "/home/jpantonow/Documents/Estudos/UNB/5o Semestre/ENG-SOFTWARE/camaar/CAMAAR/camaar/app/controllers/users/sessions_controller.rb": {
        "lines": [
          null,
          null,
          1,
          1,
          null,
          null,
          1,
          8,
          null,
          null,
          null,
          1,
          6,
          null,
          null,
          null,
          1,
          2,
          null,
          null,
          1,
          null,
          null,
          1,
          6,
          6,
          null,
          null
        ]
      },
      "/home/jpantonow/Documents/Estudos/UNB/5o Semestre/ENG-SOFTWARE/camaar/CAMAAR/camaar/app/mailers/admins_mailer.rb": {
        "lines": [
          1,
          1,
          3,
          3,
          null,
          null
        ]
      },
      "/home/jpantonow/Documents/Estudos/UNB/5o Semestre/ENG-SOFTWARE/camaar/CAMAAR/camaar/app/mailers/application_mailer.rb": {
        "lines": [
          1,
          1,
          1,
          null
        ]
      },
      "/home/jpantonow/Documents/Estudos/UNB/5o Semestre/ENG-SOFTWARE/camaar/CAMAAR/camaar/app/mailers/users_mailer.rb": {
        "lines": [
          1,
          null,
          1,
          1,
          1,
          1,
          null,
          null,
          null
        ]
      },
      "/home/jpantonow/Documents/Estudos/UNB/5o Semestre/ENG-SOFTWARE/camaar/CAMAAR/camaar/app/models/coordinator.rb": {
        "lines": [
          1,
          1,
          1,
          1,
          null
        ]
      },
      "/home/jpantonow/Documents/Estudos/UNB/5o Semestre/ENG-SOFTWARE/camaar/CAMAAR/camaar/app/models/department.rb": {
        "lines": [
          1,
          1,
          null
        ]
      },
      "/home/jpantonow/Documents/Estudos/UNB/5o Semestre/ENG-SOFTWARE/camaar/CAMAAR/camaar/app/models/enrollment.rb": {
        "lines": [
          1,
          1,
          1,
          null
        ]
      },
      "/home/jpantonow/Documents/Estudos/UNB/5o Semestre/ENG-SOFTWARE/camaar/CAMAAR/camaar/app/models/form.rb": {
        "lines": [
          1,
          null,
          1,
          1,
          1,
          null
        ]
      },
      "/home/jpantonow/Documents/Estudos/UNB/5o Semestre/ENG-SOFTWARE/camaar/CAMAAR/camaar/app/models/form_question.rb": {
        "lines": [
          1,
          1,
          1,
          1,
          null
        ]
      },
      "/home/jpantonow/Documents/Estudos/UNB/5o Semestre/ENG-SOFTWARE/camaar/CAMAAR/camaar/app/models/student.rb": {
        "lines": [
          1,
          1,
          1,
          1,
          1,
          1,
          null
        ]
      },
      "/home/jpantonow/Documents/Estudos/UNB/5o Semestre/ENG-SOFTWARE/camaar/CAMAAR/camaar/app/models/student_answer.rb": {
        "lines": [
          1,
          1,
          1,
          null
        ]
      },
      "/home/jpantonow/Documents/Estudos/UNB/5o Semestre/ENG-SOFTWARE/camaar/CAMAAR/camaar/app/models/subject_class.rb": {
        "lines": [
          1,
          1,
          1,
          null,
          1,
          1,
          null
        ]
      },
      "/home/jpantonow/Documents/Estudos/UNB/5o Semestre/ENG-SOFTWARE/camaar/CAMAAR/camaar/app/models/teacher.rb": {
        "lines": [
          1,
          1,
          1,
          null
        ]
      },
      "/home/jpantonow/Documents/Estudos/UNB/5o Semestre/ENG-SOFTWARE/camaar/CAMAAR/camaar/app/models/teacher_answer.rb": {
        "lines": [
          1,
          1,
          1,
          null
        ]
      },
      "/home/jpantonow/Documents/Estudos/UNB/5o Semestre/ENG-SOFTWARE/camaar/CAMAAR/camaar/app/models/template.rb": {
        "lines": [
          1,
          1,
          1,
          1,
          null
        ]
      },
      "/home/jpantonow/Documents/Estudos/UNB/5o Semestre/ENG-SOFTWARE/camaar/CAMAAR/camaar/app/models/template_question.rb": {
        "lines": [
          1,
          1,
          null,
          1,
          1,
          null
        ]
      },
      "/home/jpantonow/Documents/Estudos/UNB/5o Semestre/ENG-SOFTWARE/camaar/CAMAAR/camaar/app/services/admin_registration_service.rb": {
        "lines": [
          1,
          1,
          3,
          null,
          3,
          null,
          null
        ]
      }
    },
    "timestamp": 1718740888
  },
  "Cucumber Features": {
    "coverage": {
      "/home/jpantonow/Documents/Estudos/UNB/5o Semestre/ENG-SOFTWARE/camaar/CAMAAR/camaar/app/models/department.rb": {
        "lines": [
          1,
          1,
          null
        ]
      },
      "/home/jpantonow/Documents/Estudos/UNB/5o Semestre/ENG-SOFTWARE/camaar/CAMAAR/camaar/app/models/coordinator.rb": {
        "lines": [
          1,
          1,
          1,
          1,
          null
        ]
      },
      "/home/jpantonow/Documents/Estudos/UNB/5o Semestre/ENG-SOFTWARE/camaar/CAMAAR/camaar/app/models/subject_class.rb": {
        "lines": [
          1,
          1,
          1,
          null,
          1,
          1,
          null
        ]
      },
      "/home/jpantonow/Documents/Estudos/UNB/5o Semestre/ENG-SOFTWARE/camaar/CAMAAR/camaar/app/models/teacher.rb": {
        "lines": [
          1,
          1,
          1,
          null
        ]
      },
      "/home/jpantonow/Documents/Estudos/UNB/5o Semestre/ENG-SOFTWARE/camaar/CAMAAR/camaar/app/models/student.rb": {
        "lines": [
          1,
          1,
          1,
          1,
          1,
          1,
          null
        ]
      },
      "/home/jpantonow/Documents/Estudos/UNB/5o Semestre/ENG-SOFTWARE/camaar/CAMAAR/camaar/app/models/enrollment.rb": {
        "lines": [
          1,
          1,
          1,
          null
        ]
      },
      "/home/jpantonow/Documents/Estudos/UNB/5o Semestre/ENG-SOFTWARE/camaar/CAMAAR/camaar/app/controllers/users/sessions_controller.rb": {
        "lines": [
          null,
          null,
          1,
          1,
          null,
          null,
          1,
          8,
          null,
          null,
          null,
          1,
          4,
          null,
          null,
          null,
          1,
          0,
          null,
          null,
          1,
          null,
          null,
          1,
          4,
          4,
          null,
          null
        ]
      },
      "/home/jpantonow/Documents/Estudos/UNB/5o Semestre/ENG-SOFTWARE/camaar/CAMAAR/camaar/app/controllers/application_controller.rb": {
        "lines": [
          null,
          1,
          null,
          1,
          1,
          null,
          1,
          30,
          null,
          27,
          3,
          3,
          null,
          0,
          null,
          null,
          null,
          1,
          null,
          1,
          79,
          79,
          79,
          79,
          79,
          null,
          null,
          1,
          78,
          78,
          78,
          78,
          78,
          null,
          null,
          1,
          3,
          3,
          1,
          1,
          null,
          1,
          1,
          null,
          2,
          2,
          2,
          2,
          null,
          null,
          null
        ]
      },
      "/home/jpantonow/Documents/Estudos/UNB/5o Semestre/ENG-SOFTWARE/camaar/CAMAAR/camaar/app/helpers/application_helper.rb": {
        "lines": [
          1,
          null
        ]
      },
      "/home/jpantonow/Documents/Estudos/UNB/5o Semestre/ENG-SOFTWARE/camaar/CAMAAR/camaar/app/helpers/admin_helper.rb": {
        "lines": [
          1,
          null
        ]
      },
      "/home/jpantonow/Documents/Estudos/UNB/5o Semestre/ENG-SOFTWARE/camaar/CAMAAR/camaar/app/helpers/classes_helper.rb": {
        "lines": [
          1,
          null
        ]
      },
      "/home/jpantonow/Documents/Estudos/UNB/5o Semestre/ENG-SOFTWARE/camaar/CAMAAR/camaar/app/helpers/departments_helper.rb": {
        "lines": [
          1,
          null
        ]
      },
      "/home/jpantonow/Documents/Estudos/UNB/5o Semestre/ENG-SOFTWARE/camaar/CAMAAR/camaar/app/helpers/errors_helper.rb": {
        "lines": [
          1,
          null
        ]
      },
      "/home/jpantonow/Documents/Estudos/UNB/5o Semestre/ENG-SOFTWARE/camaar/CAMAAR/camaar/app/helpers/forms_helper.rb": {
        "lines": [
          1,
          null
        ]
      },
      "/home/jpantonow/Documents/Estudos/UNB/5o Semestre/ENG-SOFTWARE/camaar/CAMAAR/camaar/app/helpers/subject_classes_helper.rb": {
        "lines": [
          1,
          null
        ]
      },
      "/home/jpantonow/Documents/Estudos/UNB/5o Semestre/ENG-SOFTWARE/camaar/CAMAAR/camaar/app/helpers/subjectclasss_helper.rb": {
        "lines": [
          1,
          null
        ]
      },
      "/home/jpantonow/Documents/Estudos/UNB/5o Semestre/ENG-SOFTWARE/camaar/CAMAAR/camaar/app/helpers/template_questions_helper.rb": {
        "lines": [
          1,
          null
        ]
      },
      "/home/jpantonow/Documents/Estudos/UNB/5o Semestre/ENG-SOFTWARE/camaar/CAMAAR/camaar/app/helpers/templates_helper.rb": {
        "lines": [
          1,
          null
        ]
      },
      "/home/jpantonow/Documents/Estudos/UNB/5o Semestre/ENG-SOFTWARE/camaar/CAMAAR/camaar/app/controllers/forms_controller.rb": {
        "lines": [
          1,
          1,
          1,
          1,
          null,
          1,
          3,
          3,
          null,
          3,
          3,
          null,
          1,
          1,
          0,
          null,
          1,
          null,
          null,
          2,
          null,
          null,
          3,
          0,
          0,
          null,
          3,
          null,
          3,
          3,
          null,
          3,
          0,
          null,
          0,
          null,
          0,
          null,
          0,
          null,
          null,
          0,
          0,
          null,
          0,
          null,
          null,
          0,
          0,
          null,
          0,
          null,
          null,
          null,
          null,
          null,
          1,
          0,
          0,
          null,
          null,
          1,
          null,
          1,
          0,
          0,
          null,
          0,
          0,
          0,
          0,
          0,
          null,
          0,
          0,
          null,
          null,
          null,
          null
        ]
      },
      "/home/jpantonow/Documents/Estudos/UNB/5o Semestre/ENG-SOFTWARE/camaar/CAMAAR/camaar/app/models/form.rb": {
        "lines": [
          1,
          null,
          1,
          1,
          1,
          null
        ]
      },
      "/home/jpantonow/Documents/Estudos/UNB/5o Semestre/ENG-SOFTWARE/camaar/CAMAAR/camaar/app/controllers/home_controller.rb": {
        "lines": [
          1,
          1,
          null,
          1,
          null,
          1,
          1,
          4,
          0,
          4,
          0,
          null,
          null,
          null
        ]
      },
      "/home/jpantonow/Documents/Estudos/UNB/5o Semestre/ENG-SOFTWARE/camaar/CAMAAR/camaar/app/controllers/admins/sessions_controller.rb": {
        "lines": [
          null,
          null,
          1,
          1,
          null,
          null,
          1,
          28,
          null,
          null,
          null,
          1,
          28,
          null,
          null,
          null,
          1,
          0,
          null,
          null,
          1,
          null,
          null,
          1,
          28,
          null,
          null
        ]
      },
      "/home/jpantonow/Documents/Estudos/UNB/5o Semestre/ENG-SOFTWARE/camaar/CAMAAR/camaar/app/controllers/templates_controller.rb": {
        "lines": [
          1,
          null,
          1,
          1,
          1,
          1,
          1,
          1,
          null,
          1,
          38,
          null,
          null,
          1,
          4,
          4,
          null,
          null,
          1,
          null,
          null,
          1,
          0,
          0,
          null,
          null,
          1,
          null,
          null,
          1,
          4,
          4,
          null,
          4,
          3,
          null,
          null,
          null,
          null,
          null,
          3,
          3,
          null,
          null,
          1,
          null,
          null,
          1,
          null,
          null,
          null,
          1,
          1,
          null,
          1,
          1,
          null,
          null,
          null,
          1,
          58,
          null,
          1,
          null,
          null,
          null,
          1,
          4,
          4,
          null,
          null,
          1,
          59,
          59,
          40,
          null,
          null,
          null,
          1,
          17,
          null,
          17,
          17,
          16,
          16,
          16,
          null,
          1,
          1,
          null,
          null,
          null
        ]
      },
      "/home/jpantonow/Documents/Estudos/UNB/5o Semestre/ENG-SOFTWARE/camaar/CAMAAR/camaar/app/models/template.rb": {
        "lines": [
          1,
          1,
          1,
          1,
          null
        ]
      },
      "/home/jpantonow/Documents/Estudos/UNB/5o Semestre/ENG-SOFTWARE/camaar/CAMAAR/camaar/app/controllers/users/passwords_controller.rb": {
        "lines": [
          null,
          null,
          1,
          null,
          1,
          2,
          null,
          null,
          null,
          1,
          2,
          null,
          null,
          1,
          null,
          null,
          1,
          1,
          null,
          null,
          null,
          null,
          1,
          1,
          null,
          1,
          1,
          1,
          1,
          1,
          null,
          1,
          null,
          0,
          null,
          null,
          null,
          1,
          null,
          1,
          1,
          null,
          null,
          null,
          1,
          1,
          null,
          null
        ]
      },
      "/home/jpantonow/Documents/Estudos/UNB/5o Semestre/ENG-SOFTWARE/camaar/CAMAAR/camaar/app/mailers/users_mailer.rb": {
        "lines": [
          1,
          null,
          1,
          1,
          47,
          47,
          null,
          null,
          null
        ]
      },
      "/home/jpantonow/Documents/Estudos/UNB/5o Semestre/ENG-SOFTWARE/camaar/CAMAAR/camaar/app/mailers/application_mailer.rb": {
        "lines": [
          1,
          1,
          1,
          null
        ]
      },
      "/home/jpantonow/Documents/Estudos/UNB/5o Semestre/ENG-SOFTWARE/camaar/CAMAAR/camaar/app/controllers/users/registrations_controller.rb": {
        "lines": [
          null,
          null,
          1,
          1,
          1,
          null,
          null,
          1,
          2,
          2,
          2,
          null,
          null,
          null,
          1,
          2,
          null,
          null,
          null,
          1,
          0,
          null,
          null,
          null,
          null,
          null,
          null,
          null,
          null,
          1,
          0,
          null,
          null,
          null,
          null,
          null,
          null,
          null,
          null,
          null,
          null,
          null,
          1,
          null,
          1,
          2,
          null,
          null,
          null,
          null,
          null,
          null,
          null,
          1,
          2,
          2,
          null,
          null,
          null,
          null,
          null,
          null,
          null,
          null,
          null,
          1,
          0,
          null,
          null,
          null,
          1,
          2,
          null,
          null
        ]
      },
      "/home/jpantonow/Documents/Estudos/UNB/5o Semestre/ENG-SOFTWARE/camaar/CAMAAR/camaar/app/controllers/users/confirmations_controller.rb": {
        "lines": [
          null,
          null,
          1,
          null,
          1,
          0,
          null,
          null,
          null,
          1,
          0,
          null,
          null,
          null,
          1,
          1,
          null,
          null,
          1,
          null,
          null,
          1,
          0,
          null,
          null,
          null,
          1,
          1,
          null,
          null
        ]
      },
      "/home/jpantonow/Documents/Estudos/UNB/5o Semestre/ENG-SOFTWARE/camaar/CAMAAR/camaar/app/controllers/admins_controller.rb": {
        "lines": [
          1,
          1,
          null,
          1,
          1,
          1,
          1,
          1,
          null,
          null,
          1,
          11,
          11,
          null,
          null,
          1,
          0,
          0,
          null,
          0,
          0,
          0,
          0,
          null,
          0,
          0,
          null,
          0,
          0,
          0,
          0,
          null,
          0,
          0,
          0,
          null,
          null,
          null,
          null,
          null,
          null,
          0,
          0,
          0,
          0,
          null,
          null,
          null,
          null,
          null,
          null,
          null,
          0,
          null,
          null,
          null,
          0,
          null,
          null,
          null,
          null,
          0,
          null,
          0,
          null,
          0,
          0,
          0,
          null,
          null,
          null,
          null,
          null,
          0,
          0,
          0,
          0,
          null,
          null,
          null,
          null,
          null,
          null,
          null,
          0,
          null,
          null,
          null,
          0,
          null,
          null,
          null,
          null,
          null,
          0,
          null,
          null,
          null,
          null,
          1,
          3,
          3,
          3,
          null,
          3,
          null,
          1,
          null,
          1,
          1,
          null,
          null,
          null,
          null,
          null,
          1,
          0,
          0,
          null,
          null,
          1,
          1,
          null,
          1,
          null,
          null,
          null,
          null,
          null,
          1,
          0,
          1,
          1,
          null,
          0,
          0,
          null,
          1,
          null,
          null,
          null,
          1,
          44,
          44,
          null,
          44,
          null,
          null,
          null,
          null,
          null,
          null,
          44,
          0,
          44,
          44,
          null,
          0,
          0,
          null,
          null,
          44,
          null,
          null,
          null,
          44,
          0,
          null,
          null,
          null,
          1,
          1,
          null,
          null,
          1,
          null,
          1,
          3,
          3,
          null,
          null,
          null,
          3,
          null,
          null,
          null,
          null,
          3,
          null,
          3,
          3,
          null,
          null,
          null,
          0,
          null,
          null,
          null,
          null,
          1,
          1,
          null,
          1,
          1,
          1,
          1,
          null,
          0,
          0,
          0,
          0,
          null,
          0,
          0,
          0,
          0,
          null,
          null,
          null,
          null,
          null,
          null,
          0,
          null,
          0,
          null,
          null,
          null,
          1,
          1,
          null,
          1,
          1,
          2,
          null,
          2,
          2,
          null,
          2,
          null,
          0,
          null,
          null,
          2,
          0,
          null,
          null,
          1,
          null,
          1,
          1,
          1,
          null,
          0,
          null,
          0,
          0,
          0,
          null,
          null,
          null,
          1,
          0,
          0,
          0,
          null,
          null,
          1,
          0,
          null,
          0,
          0,
          0,
          null,
          0,
          null,
          null,
          0,
          0,
          0,
          null,
          0,
          null,
          0,
          0,
          null,
          0,
          0,
          0,
          0,
          null,
          null,
          null,
          0,
          0,
          null,
          null,
          null,
          null,
          null,
          0,
          null,
          null,
          1,
          0,
          0,
          null,
          0,
          0,
          0,
          null,
          0,
          0,
          null,
          0,
          0,
          null,
          null,
          null,
          0,
          null,
          1,
          0,
          null,
          0,
          0,
          0,
          0,
          null,
          null,
          null,
          1,
          0,
          0,
          0,
          0,
          0,
          0,
          0,
          0,
          0,
          0,
          null,
          0,
          0,
          0,
          0,
          null,
          null,
          0,
          0,
          0,
          0,
          null,
          0,
          null,
          null,
          null,
          0,
          0,
          0,
          0,
          null,
          0,
          0,
          null,
          0,
          0,
          0,
          0,
          0,
          null,
          0,
          0,
          0,
          0,
          null,
          null,
          0,
          0,
          0,
          0,
          null,
          0,
          null,
          null,
          null,
          0,
          null,
          null,
          1,
          0,
          0,
          0,
          0,
          null,
          0,
          null,
          null,
          0,
          null,
          0,
          0,
          0,
          null,
          0,
          null,
          0,
          0,
          null,
          null,
          null,
          0,
          null,
          null,
          0,
          0,
          0,
          null,
          0,
          null,
          0,
          0,
          0,
          null,
          null,
          0,
          null,
          null
        ]
      },
      "/home/jpantonow/Documents/Estudos/UNB/5o Semestre/ENG-SOFTWARE/camaar/CAMAAR/camaar/app/models/form_question.rb": {
        "lines": [
          1,
          1,
          1,
          1,
          null
        ]
      },
      "/home/jpantonow/Documents/Estudos/UNB/5o Semestre/ENG-SOFTWARE/camaar/CAMAAR/camaar/app/models/student_answer.rb": {
        "lines": [
          1,
          1,
          1,
          null
        ]
      },
      "/home/jpantonow/Documents/Estudos/UNB/5o Semestre/ENG-SOFTWARE/camaar/CAMAAR/camaar/app/controllers/subject_classes_controller.rb": {
        "lines": [
          1,
          1,
          null,
          1,
          8,
          8,
          null,
          8,
          0,
          0,
          null,
          null,
          8,
          8,
          0,
          0,
          null,
          null,
          8,
          8,
          0,
          0,
          null,
          null,
          8,
          null,
          8,
          2,
          null,
          null,
          null
        ]
      },
      "/home/jpantonow/Documents/Estudos/UNB/5o Semestre/ENG-SOFTWARE/camaar/CAMAAR/camaar/app/models/template_question.rb": {
        "lines": [
          1,
          1,
          null,
          1,
          1,
          null
        ]
      },
      "/home/jpantonow/Documents/Estudos/UNB/5o Semestre/ENG-SOFTWARE/camaar/CAMAAR/camaar/app/controllers/template_questions_controller.rb": {
        "lines": [
          1,
          1,
          1,
          1,
          1,
          1,
          null,
          1,
          null,
          null,
          1,
          null,
          null,
          1,
          0,
          0,
          0,
          null,
          null,
          1,
          0,
          0,
          0,
          0,
          null,
          null,
          0,
          null,
          null,
          null,
          null,
          null,
          null,
          0,
          0,
          0,
          null,
          0,
          0,
          0,
          null,
          null,
          null,
          1,
          0,
          0,
          0,
          null,
          null,
          null,
          1,
          4,
          4,
          null,
          null,
          1,
          4,
          4,
          4,
          null,
          4,
          null,
          null,
          null,
          null,
          null,
          null,
          4,
          4,
          4,
          null,
          0,
          null,
          0,
          null,
          0,
          0,
          null,
          null,
          null,
          1,
          8,
          null,
          null,
          1,
          0,
          null,
          null,
          1,
          4,
          null,
          4,
          1,
          5,
          5,
          4,
          0,
          null,
          4,
          null,
          null,
          1,
          1,
          null,
          null,
          null,
          null,
          4,
          null,
          null,
          1,
          8,
          8,
          8,
          8,
          8,
          null,
          0,
          0,
          0,
          0,
          null,
          null,
          null,
          1,
          8,
          8,
          8,
          8,
          null,
          null,
          1,
          0,
          0,
          0,
          0,
          null,
          0,
          0,
          0,
          null,
          0,
          0,
          0,
          0,
          null,
          null,
          null,
          null,
          null,
          1,
          8,
          null,
          0,
          0,
          null,
          0,
          null,
          null,
          null,
          1,
          4,
          4,
          4,
          4,
          null,
          null
        ]
      },
      "/home/jpantonow/Documents/Estudos/UNB/5o Semestre/ENG-SOFTWARE/camaar/CAMAAR/camaar/app/controllers/admins/confirmations_controller.rb": {
        "lines": [
          null,
          null,
          0,
          null,
          0,
          0,
          0,
          null,
          null,
          0,
          0,
          0,
          null,
          null,
          0,
          0,
          0,
          null,
          null,
          null,
          null,
          0,
          0,
          0,
          null,
          null,
          0,
          0,
          0,
          0
        ],
        "branches": {
        }
      },
      "/home/jpantonow/Documents/Estudos/UNB/5o Semestre/ENG-SOFTWARE/camaar/CAMAAR/camaar/app/controllers/admins/passwords_controller.rb": {
        "lines": [
          null,
          null,
          0,
          null,
          0,
          0,
          0,
          null,
          null,
          0,
          0,
          0,
          null,
          null,
          0,
          0,
          0,
          null,
          null,
          null,
          0,
          0,
          null,
          0,
          0,
          0,
          0,
          0,
          null,
          0,
          0,
          0,
          0,
          0,
          null,
          0,
          null,
          0,
          0,
          0,
          null,
          null,
          0,
          0,
          0,
          0
        ],
        "branches": {
        }
      },
      "/home/jpantonow/Documents/Estudos/UNB/5o Semestre/ENG-SOFTWARE/camaar/CAMAAR/camaar/app/controllers/admins/registrations_controller.rb": {
        "lines": [
          null,
          null,
          0,
          0,
          0,
          null,
          null,
          0,
          0,
          0,
          null,
          null,
          0,
          0,
          0,
          0,
          0,
          null,
          null,
          0,
          0,
          0,
          null,
          null,
          null,
          null,
          null,
          null,
          null,
          0,
          0,
          0,
          null,
          null,
          null,
          null,
          null,
          null,
          null,
          null,
          null,
          null,
          0,
          null,
          0,
          0,
          0,
          null,
          null,
          null,
          null,
          null,
          null,
          null,
          0,
          0,
          0,
          0,
          null,
          null,
          null,
          null,
          null,
          null,
          null,
          null,
          0,
          0,
          0,
          null,
          null,
          0,
          0,
          0,
          0
        ],
        "branches": {
        }
      },
      "/home/jpantonow/Documents/Estudos/UNB/5o Semestre/ENG-SOFTWARE/camaar/CAMAAR/camaar/app/controllers/answers_controller.rb": {
        "lines": [
          0,
          null,
          0,
          0,
          0,
          null,
          0,
          0,
          null,
          0,
          0,
          0,
          null,
          0,
          0,
          0,
          null,
          0,
          0,
          0,
          0,
          0,
          0,
          0,
          0,
          null,
          0,
          0,
          0,
          null,
          0,
          0,
          0,
          0,
          0,
          0,
          0,
          null,
          0,
          0,
          null,
          0,
          0,
          0,
          null,
          0,
          0,
          0,
          0,
          0,
          0,
          0,
          0,
          0,
          0,
          0,
          null,
          0,
          0,
          0
        ],
        "branches": {
        }
      },
      "/home/jpantonow/Documents/Estudos/UNB/5o Semestre/ENG-SOFTWARE/camaar/CAMAAR/camaar/app/controllers/classes_controller.rb": {
        "lines": [
          0,
          0,
          0,
          0,
          0,
          null,
          0,
          0,
          0
        ],
        "branches": {
        }
      },
      "/home/jpantonow/Documents/Estudos/UNB/5o Semestre/ENG-SOFTWARE/camaar/CAMAAR/camaar/app/controllers/users_controller.rb": {
        "lines": [
          0,
          null,
          0,
          0,
          0,
          0,
          null,
          0,
          null,
          0,
          null,
          0,
          null,
          0,
          null,
          0,
          0,
          null,
          0,
          null,
          0,
          null,
          0,
          null,
          0,
          null,
          0,
          null,
          null,
          null,
          null,
          null,
          null,
          0,
          null,
          0,
          null,
          0,
          0,
          0,
          0,
          0
        ],
        "branches": {
        }
      },
      "/home/jpantonow/Documents/Estudos/UNB/5o Semestre/ENG-SOFTWARE/camaar/CAMAAR/camaar/app/mailers/admins_mailer.rb": {
        "lines": [
          0,
          0,
          0,
          0,
          0,
          0
        ],
        "branches": {
        }
      },
      "/home/jpantonow/Documents/Estudos/UNB/5o Semestre/ENG-SOFTWARE/camaar/CAMAAR/camaar/app/models/admin.rb": {
        "lines": [
          0,
          null,
          null,
          0,
          0,
          0,
          null,
          0
        ],
        "branches": {
        }
      },
      "/home/jpantonow/Documents/Estudos/UNB/5o Semestre/ENG-SOFTWARE/camaar/CAMAAR/camaar/app/models/application_record.rb": {
        "lines": [
          0,
          0,
          0
        ],
        "branches": {
        }
      },
      "/home/jpantonow/Documents/Estudos/UNB/5o Semestre/ENG-SOFTWARE/camaar/CAMAAR/camaar/app/models/teacher_answer.rb": {
        "lines": [
          0,
          0,
          0,
          0
        ],
        "branches": {
        }
      },
      "/home/jpantonow/Documents/Estudos/UNB/5o Semestre/ENG-SOFTWARE/camaar/CAMAAR/camaar/app/models/user.rb": {
        "lines": [
          0,
          null,
          null,
          0,
          0,
          0,
          null,
          null,
          0
        ],
        "branches": {
        }
      },
      "/home/jpantonow/Documents/Estudos/UNB/5o Semestre/ENG-SOFTWARE/camaar/CAMAAR/camaar/app/services/admin_registration_service.rb": {
        "lines": [
          0,
          0,
          0,
          null,
          0,
          0,
          0
        ],
        "branches": {
        }
      },
      "/home/jpantonow/Documents/Estudos/UNB/5o Semestre/ENG-SOFTWARE/camaar/CAMAAR/camaar/lib/custom_failure.rb": {
        "lines": [
          0,
          0,
          0,
          0,
          0,
          0,
          0,
          0,
          null,
          0,
          0,
          0,
          0,
          0,
          0,
          0,
          0,
          0
        ],
        "branches": {
        }
      }
    },
    "timestamp": 1718735442
  }
}
