{
  "RSpec": {
    "coverage": {
      "/home/rick/UnB/Engenharia_de_Software/Projeto_Final/CAMAAR/app/helpers/application_helper.rb": {
        "lines": [
          1,
          null
        ]
      },
      "/home/rick/UnB/Engenharia_de_Software/Projeto_Final/CAMAAR/app/models/curso.rb": {
        "lines": [
          1,
          1,
          1,
          null
        ]
      },
      "/home/rick/UnB/Engenharia_de_Software/Projeto_Final/CAMAAR/app/models/application_record.rb": {
        "lines": [
          1,
          1,
          null
        ]
      },
      "/home/rick/UnB/Engenharia_de_Software/Projeto_Final/CAMAAR/app/models/departamento.rb": {
        "lines": [
          1,
          1,
          null,
          1,
          1,
          null,
          1,
          null,
          1,
          5,
          11,
          null,
          null
        ]
      },
      "/home/rick/UnB/Engenharia_de_Software/Projeto_Final/CAMAAR/app/models/disciplina.rb": {
        "lines": [
          1,
          1,
          null,
          1,
          null,
          1,
          1,
          null,
          1,
          4,
          null,
          null
        ]
      },
      "/home/rick/UnB/Engenharia_de_Software/Projeto_Final/CAMAAR/app/models/formulario.rb": {
        "lines": [
          1,
          1,
          null,
          1,
          1,
          1,
          1,
          null,
          1,
          1,
          null,
          1,
          1,
          1,
          1,
          1,
          1,
          null,
          1,
          null,
          1,
          33,
          30,
          0,
          null,
          null,
          null,
          1,
          33,
          1,
          null,
          null,
          null,
          1,
          33,
          null,
          29,
          29,
          1,
          null,
          null,
          null,
          null,
          1,
          33,
          null,
          30,
          1,
          null,
          null,
          null,
          1,
          33,
          null,
          null,
          1,
          30,
          30,
          1,
          null,
          null,
          null,
          1,
          30,
          null,
          null,
          1,
          30,
          null,
          null
        ]
      },
      "/home/rick/UnB/Engenharia_de_Software/Projeto_Final/CAMAAR/app/models/matricula.rb": {
        "lines": [
          1,
          1,
          null,
          1,
          1,
          null,
          1,
          1,
          null
        ]
      },
      "/home/rick/UnB/Engenharia_de_Software/Projeto_Final/CAMAAR/app/models/questao_template.rb": {
        "lines": [
          1,
          1,
          null,
          1,
          1,
          null,
          1,
          1,
          null,
          null,
          null,
          1,
          40,
          5,
          35,
          5,
          null,
          30,
          null,
          null,
          null
        ]
      },
      "/home/rick/UnB/Engenharia_de_Software/Projeto_Final/CAMAAR/app/models/resposta_item.rb": {
        "lines": [
          1,
          1,
          null,
          1,
          1,
          null
        ]
      },
      "/home/rick/UnB/Engenharia_de_Software/Projeto_Final/CAMAAR/app/models/resposta.rb": {
        "lines": [
          1,
          1,
          null,
          1,
          1,
          1,
          null
        ]
      },
      "/home/rick/UnB/Engenharia_de_Software/Projeto_Final/CAMAAR/app/models/template.rb": {
        "lines": [
          1,
          1,
          null,
          1,
          1,
          1,
          null,
          1,
          null,
          1,
          1,
          null,
          1,
          null,
          1,
          46,
          3,
          2,
          null,
          null,
          null
        ]
      },
      "/home/rick/UnB/Engenharia_de_Software/Projeto_Final/CAMAAR/app/models/turma.rb": {
        "lines": [
          1,
          1,
          null,
          1,
          1,
          1,
          1,
          1,
          1,
          null,
          1,
          1,
          1,
          21,
          null,
          null,
          1,
          11,
          null,
          null,
          1,
          5,
          null,
          null,
          1,
          3,
          null,
          null,
          1,
          1,
          1,
          1,
          1,
          null,
          null
        ]
      },
      "/home/rick/UnB/Engenharia_de_Software/Projeto_Final/CAMAAR/app/models/usuario.rb": {
        "lines": [
          1,
          1,
          null,
          1,
          1,
          1,
          1,
          1,
          null,
          1,
          1,
          null,
          1,
          null,
          null,
          1,
          84,
          84,
          null,
          0,
          null,
          null,
          1,
          167,
          167,
          null,
          null,
          1,
          null,
          1,
          2,
          null,
          null,
          null,
          1,
          11,
          11,
          11,
          11,
          null,
          null,
          1,
          9,
          9,
          9,
          9,
          null,
          null,
          1,
          null,
          1,
          9,
          null,
          9,
          9,
          9,
          9,
          null,
          null,
          1,
          0,
          null,
          null,
          1,
          9,
          null,
          null,
          1,
          9,
          null,
          null,
          1,
          9,
          null,
          null,
          1,
          9,
          null,
          null
        ]
      },
      "/home/rick/UnB/Engenharia_de_Software/Projeto_Final/CAMAAR/app/controllers/sessions_controller.rb": {
        "lines": [
          1,
          1,
          4,
          null,
          2,
          1,
          null,
          1,
          null,
          null,
          null,
          1,
          86,
          86,
          null,
          86,
          null,
          85,
          null,
          null,
          1,
          1,
          1,
          1,
          null,
          null,
          1,
          null,
          1,
          85,
          85,
          81,
          80,
          79,
          null,
          78,
          null,
          null,
          1,
          1,
          1,
          null,
          null,
          1,
          85,
          null,
          null,
          1,
          81,
          null,
          null,
          1,
          1,
          1,
          null,
          null,
          1,
          4,
          2,
          2,
          1,
          null,
          1,
          null,
          4,
          null,
          null,
          1,
          1,
          0,
          null,
          1,
          null,
          1,
          null,
          null,
          1,
          1,
          1,
          null,
          null,
          1,
          78,
          78,
          78,
          56,
          null,
          22,
          null,
          null,
          null
        ]
      },
      "/home/rick/UnB/Engenharia_de_Software/Projeto_Final/CAMAAR/app/controllers/application_controller.rb": {
        "lines": [
          1,
          null,
          1,
          null,
          null,
          1,
          null,
          1,
          null,
          200,
          null,
          1,
          null,
          1,
          0,
          null,
          null,
          1,
          610,
          null,
          null,
          1,
          89,
          null,
          null,
          1,
          21,
          1,
          1,
          null,
          null,
          null,
          1,
          56,
          2,
          2,
          null,
          null,
          null
        ]
      },
      "/home/rick/UnB/Engenharia_de_Software/Projeto_Final/CAMAAR/app/controllers/admin_controller.rb": {
        "lines": [
          1,
          1,
          null,
          null,
          1,
          null,
          1,
          3,
          1,
          null,
          null,
          null,
          3,
          null,
          null,
          null,
          null,
          null,
          null,
          null,
          1,
          3,
          null,
          null,
          2,
          1,
          null,
          1,
          null,
          2,
          null,
          null,
          1,
          1,
          1,
          null,
          null,
          null,
          1,
          6,
          6,
          3,
          null,
          3,
          null,
          null,
          6,
          4,
          null,
          null,
          null,
          1,
          2,
          2,
          1,
          1,
          null,
          null,
          1,
          null,
          null,
          1,
          2,
          2,
          null,
          2,
          null,
          1,
          null,
          null,
          null,
          null,
          null,
          null,
          null,
          1,
          4,
          1,
          1,
          null,
          null,
          3,
          null,
          null,
          1,
          1,
          null,
          null,
          1,
          14,
          6,
          5,
          3,
          null,
          1,
          1,
          1,
          null,
          14,
          null,
          null,
          1,
          8,
          8,
          8,
          null,
          null,
          1,
          2,
          2,
          2,
          null,
          null,
          1,
          19,
          null,
          null,
          1,
          null,
          1,
          9,
          9,
          5,
          5,
          5,
          null,
          4,
          null,
          null,
          1,
          9,
          7,
          6,
          5,
          4,
          null,
          null,
          1,
          1,
          1,
          1,
          null,
          1,
          9,
          null,
          null,
          1,
          13,
          null,
          null,
          1,
          5,
          null,
          null,
          1,
          6,
          1,
          1,
          1,
          null,
          5,
          null,
          null,
          1,
          1,
          null,
          1,
          1,
          null,
          1,
          1,
          null,
          1,
          0,
          null,
          1,
          null,
          null,
          null
        ]
      },
      "/home/rick/UnB/Engenharia_de_Software/Projeto_Final/CAMAAR/app/services/test_data_loader.rb": {
        "lines": [
          1,
          1,
          0,
          0,
          0,
          0,
          null,
          0,
          0,
          null,
          null,
          null,
          1,
          null,
          1,
          0,
          0,
          0,
          0,
          0,
          0,
          0,
          0,
          0,
          0,
          0,
          null,
          null,
          1,
          0,
          null,
          null,
          null,
          null,
          null,
          null,
          null,
          null,
          null,
          1,
          0,
          null,
          null,
          1,
          0,
          0,
          null,
          0,
          0,
          null,
          null,
          null,
          1,
          0,
          null,
          null,
          null,
          null,
          0,
          null,
          null,
          null,
          null,
          null,
          null,
          null,
          1,
          0,
          0,
          null,
          0,
          0,
          0,
          null,
          null,
          null,
          1,
          0,
          0,
          null,
          0,
          0,
          null,
          0,
          0,
          null,
          null,
          1,
          0,
          null,
          null,
          null,
          null,
          null,
          null,
          1,
          0,
          0,
          0,
          null,
          null,
          null,
          null,
          null,
          null,
          null,
          null,
          null,
          0,
          null,
          null,
          1,
          0,
          0,
          null,
          null,
          null,
          1,
          0,
          null,
          0,
          0,
          0,
          0,
          0,
          0,
          0,
          0,
          null,
          null,
          0,
          null,
          null,
          null,
          null,
          null,
          null
        ]
      },
      "/home/rick/UnB/Engenharia_de_Software/Projeto_Final/CAMAAR/app/controllers/avaliacoes_controller.rb": {
        "lines": [
          1,
          1,
          1,
          null,
          1,
          12,
          null,
          1,
          null,
          4,
          null,
          7,
          null,
          null,
          null,
          1,
          null,
          null,
          null,
          1,
          5,
          4,
          null,
          2,
          2,
          null,
          null,
          null,
          null,
          2,
          null,
          null,
          2,
          2,
          null,
          0,
          0,
          null,
          null,
          1,
          null,
          1,
          5,
          null,
          1,
          1,
          1,
          null,
          null,
          1,
          4,
          null,
          2,
          2,
          2,
          null,
          null,
          1,
          1,
          1,
          null,
          null,
          1,
          4,
          4,
          null,
          null,
          1,
          7,
          7,
          null,
          null,
          1,
          11,
          11,
          null,
          11,
          null,
          null,
          null,
          null,
          null,
          11,
          11,
          null,
          null,
          1,
          4,
          6,
          null,
          null,
          null,
          1,
          9,
          null,
          9,
          3,
          null,
          6,
          null,
          null,
          null,
          1,
          2,
          3,
          3,
          null,
          3,
          null,
          null,
          null,
          1,
          3,
          null,
          null,
          null,
          null,
          3,
          null,
          null,
          null,
          1,
          null,
          1,
          8,
          null,
          null
        ]
      },
      "/home/rick/UnB/Engenharia_de_Software/Projeto_Final/CAMAAR/app/controllers/formularios_controller.rb": {
        "lines": [
          1,
          1,
          null,
          1,
          1,
          1,
          1,
          null,
          null,
          1,
          6,
          null,
          6,
          3,
          null,
          3,
          null,
          null,
          null,
          1,
          null,
          1,
          null,
          6,
          null,
          null,
          null,
          null,
          null,
          null,
          null,
          null,
          null,
          1,
          6,
          6,
          1,
          1,
          null,
          null,
          1,
          36,
          null,
          null,
          1,
          12,
          8,
          null,
          0,
          null,
          null,
          1,
          3,
          null,
          null,
          null,
          null,
          null,
          null,
          null,
          null,
          null,
          3,
          0,
          0,
          null,
          3,
          null,
          null,
          null,
          1,
          3,
          3,
          3,
          3,
          null,
          null,
          1,
          3,
          null,
          null,
          1,
          3,
          3,
          3,
          2,
          3,
          3,
          1,
          0,
          null,
          null,
          1,
          1,
          1,
          null,
          1,
          2,
          0,
          0,
          null,
          null,
          1,
          1,
          null,
          null,
          1,
          4,
          3,
          null,
          null,
          1,
          3,
          null,
          2,
          2,
          2,
          null,
          null,
          1,
          1,
          1,
          null,
          null,
          1,
          2,
          2,
          2,
          2,
          3,
          3,
          null,
          null,
          2,
          null,
          null,
          1,
          3,
          null,
          null,
          null,
          null,
          null,
          null,
          3,
          null,
          null,
          null,
          1,
          2,
          1,
          1,
          null,
          1,
          1,
          null,
          null,
          null
        ]
      },
      "/home/rick/UnB/Engenharia_de_Software/Projeto_Final/CAMAAR/app/controllers/passwords_controller.rb": {
        "lines": [
          1,
          null,
          1,
          null,
          1,
          4,
          4,
          4,
          null,
          null,
          1,
          4,
          3,
          2,
          null,
          null,
          1,
          2,
          null,
          null,
          1,
          4,
          4,
          null,
          null,
          1,
          7,
          6,
          null,
          5,
          null,
          5,
          1,
          null,
          4,
          null,
          null,
          null,
          1,
          null,
          null,
          null,
          1,
          3,
          3,
          2,
          null,
          1,
          1,
          null,
          1,
          1,
          null,
          null,
          1,
          1,
          1,
          null,
          null,
          1,
          1,
          1,
          null,
          null,
          1,
          2,
          2,
          2,
          null,
          null,
          1,
          2,
          2,
          2,
          null,
          null,
          1,
          2,
          null,
          null,
          1,
          5,
          5,
          4,
          3,
          null,
          2,
          null,
          2,
          1,
          null,
          1,
          null,
          null,
          null,
          1,
          null,
          1,
          12,
          12,
          null,
          null,
          1,
          1,
          1,
          1,
          null,
          null,
          1,
          10,
          null,
          2,
          2,
          2,
          null,
          null,
          1,
          7,
          7,
          7,
          null,
          null,
          1,
          1,
          1,
          1,
          1,
          1,
          1,
          null,
          null,
          1,
          5,
          5,
          null,
          null,
          1,
          5,
          1,
          1,
          1,
          null,
          4,
          null,
          null,
          1,
          3,
          1,
          1,
          1,
          null,
          2,
          null,
          null,
          1,
          1,
          1,
          1,
          1,
          null,
          null
        ]
      },
      "/home/rick/UnB/Engenharia_de_Software/Projeto_Final/CAMAAR/app/controllers/resultados_controller.rb": {
        "lines": [
          1,
          null,
          1,
          1,
          null,
          1,
          1,
          null,
          null,
          1,
          2,
          2,
          2,
          null,
          2,
          2,
          null,
          2,
          3,
          null,
          null,
          null,
          1,
          1,
          null,
          null,
          1,
          4,
          null,
          3,
          3,
          3,
          null,
          3,
          null,
          2,
          2,
          null,
          null,
          1,
          null,
          1,
          3,
          3,
          1,
          null,
          2,
          null,
          null,
          null,
          1,
          1,
          null,
          null,
          1,
          null,
          null,
          null,
          null,
          null,
          null,
          1,
          1,
          null,
          null,
          1,
          1,
          5,
          5,
          5,
          null,
          null,
          null,
          1,
          null,
          2,
          null,
          null,
          null,
          null,
          1,
          4,
          1,
          1,
          1,
          null,
          3,
          null,
          null,
          1,
          3,
          1,
          1,
          1,
          null,
          2,
          null,
          null,
          1,
          3,
          null,
          null,
          1,
          2,
          2,
          2,
          2,
          null,
          null,
          1,
          2,
          2,
          null,
          2,
          2,
          2,
          2,
          null,
          null,
          null,
          null,
          null,
          1,
          2,
          1,
          null,
          null,
          1,
          2,
          2,
          null,
          2,
          2,
          null,
          null,
          null,
          1,
          2,
          null,
          null,
          1,
          2,
          null,
          null,
          1,
          4,
          1,
          1,
          null,
          null,
          null
        ]
      },
      "/home/rick/UnB/Engenharia_de_Software/Projeto_Final/CAMAAR/app/controllers/templates_controller.rb": {
        "lines": [
          1,
          1,
          null,
          1,
          2,
          2,
          null,
          null,
          1,
          5,
          null,
          5,
          null,
          4,
          4,
          null,
          3,
          3,
          null,
          1,
          null,
          null,
          1,
          1,
          null,
          null,
          1,
          2,
          2,
          1,
          1,
          null,
          1,
          1,
          null,
          null,
          null,
          1,
          2,
          2,
          1,
          null,
          1,
          1,
          null,
          2,
          null,
          null,
          1,
          null,
          1,
          3,
          3,
          1,
          1,
          1,
          null,
          1,
          null,
          null,
          null,
          null,
          1,
          2,
          null,
          null,
          1,
          5,
          5,
          null,
          null,
          null,
          null,
          null,
          null,
          null,
          1,
          5,
          1,
          1,
          1,
          1,
          null,
          4,
          null,
          null,
          null,
          1,
          4,
          8,
          null,
          null,
          1,
          4,
          1,
          1,
          1,
          1,
          null,
          3,
          null,
          null,
          null,
          1,
          1,
          1,
          null,
          null,
          null,
          null,
          null,
          null,
          null,
          null,
          null,
          1,
          2,
          2,
          2,
          null,
          null
        ]
      },
      "/home/rick/UnB/Engenharia_de_Software/Projeto_Final/CAMAAR/app/jobs/application_job.rb": {
        "lines": [
          0,
          null,
          null,
          null,
          null,
          null,
          0
        ],
        "branches": {}
      },
      "/home/rick/UnB/Engenharia_de_Software/Projeto_Final/CAMAAR/app/mailers/application_mailer.rb": {
        "lines": [
          0,
          0,
          0,
          0
        ],
        "branches": {}
      }
    },
    "timestamp": 1782513152
  }
}
