{
  "RSpec": {
    "coverage": {
      "/home/analyce/Documentos/CAMAAR/app/helpers/application_helper.rb": {
        "lines": [
          1,
          null
        ]
      },
      "/home/analyce/Documentos/CAMAAR/app/helpers/dashboards_helper.rb": {
        "lines": [
          1,
          null
        ]
      },
      "/home/analyce/Documentos/CAMAAR/app/helpers/sessions_helper.rb": {
        "lines": [
          1,
          null
        ]
      },
      "/home/analyce/Documentos/CAMAAR/app/controllers/envio_formularios_controller.rb": {
        "lines": [
          1,
          1,
          1,
          null,
          1,
          6,
          2,
          null,
          2,
          null,
          null,
          4,
          null,
          null,
          1,
          22,
          null,
          20,
          20,
          20,
          null,
          20,
          null,
          12,
          null,
          4,
          null,
          null,
          1,
          null,
          1,
          30,
          null,
          2,
          null,
          null,
          1,
          20,
          15,
          null,
          null,
          1,
          42,
          null,
          null,
          1,
          15,
          16,
          16,
          16,
          null,
          null,
          null,
          1,
          8,
          8,
          8,
          null,
          null,
          1,
          4,
          4,
          4,
          null,
          null,
          1,
          12,
          null,
          12,
          12,
          8,
          9,
          9,
          null,
          null,
          null,
          8,
          null,
          null
        ]
      },
      "/home/analyce/Documentos/CAMAAR/app/controllers/application_controller.rb": {
        "lines": [
          1,
          1,
          null,
          1,
          null,
          1,
          null,
          null,
          null,
          1,
          251,
          null,
          null,
          1,
          43,
          null,
          null,
          1,
          10,
          null,
          null,
          1,
          58,
          null,
          32,
          32,
          null,
          null,
          1,
          70,
          null,
          null,
          1,
          35,
          null,
          null,
          1,
          0,
          null,
          null,
          1,
          35,
          null,
          null,
          1,
          51,
          null,
          null,
          1,
          6,
          null,
          null,
          1,
          47,
          null,
          null
        ]
      },
      "/home/analyce/Documentos/CAMAAR/app/controllers/formularios_controller.rb": {
        "lines": [
          1,
          1,
          1,
          null,
          1,
          4,
          null,
          4,
          4,
          4,
          null,
          null,
          1,
          4,
          3,
          2,
          null,
          1,
          null,
          null,
          1,
          3,
          3,
          null,
          3,
          2,
          null,
          2,
          null,
          null,
          1,
          null,
          1,
          4,
          null,
          null,
          1,
          8,
          null,
          null,
          1,
          12,
          null,
          null,
          1,
          4,
          null,
          null,
          1,
          4,
          null,
          null,
          null,
          null,
          null,
          1,
          4,
          null,
          null,
          1,
          5,
          null,
          1,
          null,
          null,
          1,
          4,
          null,
          null,
          1,
          1,
          null,
          null,
          null,
          1,
          1,
          null,
          null,
          null,
          1,
          1,
          null,
          null,
          null,
          1,
          1,
          null,
          null,
          null,
          1,
          2,
          null,
          null
        ]
      },
      "/home/analyce/Documentos/CAMAAR/app/mailers/user_mailer.rb": {
        "lines": [
          1,
          1,
          0,
          null,
          0,
          null,
          0,
          null,
          null,
          null,
          null,
          null
        ]
      },
      "/home/analyce/Documentos/CAMAAR/app/mailers/application_mailer.rb": {
        "lines": [
          1,
          1,
          1,
          null
        ]
      },
      "/home/analyce/Documentos/CAMAAR/app/models/admin.rb": {
        "lines": [
          1,
          1,
          1,
          null,
          1,
          null
        ]
      },
      "/home/analyce/Documentos/CAMAAR/app/models/application_record.rb": {
        "lines": [
          null,
          1,
          1,
          null
        ]
      },
      "/home/analyce/Documentos/CAMAAR/app/models/departamento.rb": {
        "lines": [
          null,
          1,
          1,
          1,
          1,
          null,
          1,
          null
        ]
      },
      "/home/analyce/Documentos/CAMAAR/app/models/discente.rb": {
        "lines": [
          null,
          1,
          1,
          null,
          1,
          1,
          1,
          null,
          1,
          1,
          null,
          1,
          null,
          null,
          1,
          3,
          null,
          null,
          null,
          null,
          1,
          30,
          null,
          null
        ]
      },
      "/home/analyce/Documentos/CAMAAR/app/models/docente.rb": {
        "lines": [
          null,
          1,
          1,
          1,
          null,
          1,
          1,
          null,
          1,
          null
        ]
      },
      "/home/analyce/Documentos/CAMAAR/app/models/formulario.rb": {
        "lines": [
          null,
          1,
          1,
          1,
          null,
          1,
          1,
          null,
          1,
          null,
          7,
          7,
          null,
          1,
          26,
          null,
          null,
          1,
          20,
          null,
          null,
          1,
          0,
          null,
          null,
          1,
          2,
          null,
          null
        ]
      },
      "/home/analyce/Documentos/CAMAAR/app/models/template.rb": {
        "lines": [
          null,
          1,
          1,
          null,
          1,
          1,
          null,
          1,
          null
        ]
      },
      "/home/analyce/Documentos/CAMAAR/app/models/turma.rb": {
        "lines": [
          null,
          1,
          1,
          1,
          1,
          null,
          1,
          1,
          null
        ]
      },
      "/home/analyce/Documentos/CAMAAR/app/models/user.rb": {
        "lines": [
          1,
          1,
          null,
          1,
          1,
          1,
          null,
          1,
          1,
          1,
          1,
          null,
          1,
          null,
          null,
          268,
          null,
          1,
          2,
          null,
          null
        ]
      },
      "/home/analyce/Documentos/CAMAAR/app/controllers/sessions_controller.rb": {
        "lines": [
          1,
          1,
          null,
          null,
          1,
          20,
          null,
          20,
          null,
          20,
          18,
          null,
          18,
          15,
          null,
          3,
          null,
          null,
          2,
          2,
          null,
          null,
          null,
          1,
          1,
          1,
          null,
          null
        ]
      },
      "/home/analyce/Documentos/CAMAAR/app/controllers/dashboards_controller.rb": {
        "lines": [
          1,
          null,
          1,
          1,
          null,
          1,
          null,
          1,
          null,
          null,
          1,
          14,
          14,
          14,
          null,
          null,
          1,
          6,
          null,
          5,
          null,
          5,
          2,
          null,
          1,
          null,
          null,
          3,
          null,
          2,
          null,
          null,
          1,
          null,
          null,
          1,
          null,
          null,
          1,
          null,
          1,
          6,
          null,
          null,
          1,
          1,
          1,
          1,
          null,
          null,
          1,
          5,
          null,
          null,
          1,
          5,
          null,
          3,
          2,
          2,
          null,
          1,
          1,
          null,
          null,
          null,
          1,
          2,
          2,
          null,
          2,
          2,
          null,
          null
        ]
      },
      "/home/analyce/Documentos/CAMAAR/app/controllers/turmas_controller.rb": {
        "lines": [
          1,
          1,
          1,
          null,
          1,
          3,
          null,
          null,
          1,
          2,
          null,
          null
        ]
      },
      "/home/analyce/Documentos/CAMAAR/app/models/usuario.rb": {
        "lines": [
          null,
          null,
          null,
          null,
          null,
          null,
          null,
          1,
          1,
          null,
          1,
          null,
          1,
          1,
          null,
          1,
          null,
          1,
          null,
          null,
          1,
          1,
          null,
          1,
          0,
          null,
          null
        ]
      },
      "/home/analyce/Documentos/CAMAAR/app/models/disciplina.rb": {
        "lines": [
          null,
          1,
          1,
          null,
          1,
          1,
          null
        ]
      },
      "/home/analyce/Documentos/CAMAAR/app/models/matricula.rb": {
        "lines": [
          null,
          1,
          1,
          1,
          null,
          1,
          null,
          null,
          null,
          null
        ]
      },
      "/home/analyce/Documentos/CAMAAR/app/models/envio_formulario.rb": {
        "lines": [
          null,
          1,
          1,
          1,
          null,
          1,
          null,
          1,
          null,
          null,
          null,
          null,
          1,
          null,
          21,
          null,
          1,
          null,
          1,
          20,
          null,
          null
        ]
      },
      "/home/analyce/Documentos/CAMAAR/app/models/questao.rb": {
        "lines": [
          null,
          1,
          1,
          1,
          null,
          1,
          null,
          1,
          null,
          1,
          null,
          1,
          null
        ]
      },
      "/home/analyce/Documentos/CAMAAR/app/models/resposta.rb": {
        "lines": [
          null,
          1,
          1,
          1,
          null,
          1,
          null
        ]
      },
      "/home/analyce/Documentos/CAMAAR/app/controllers/templates_controller.rb": {
        "lines": [
          1,
          1,
          1,
          null,
          1,
          1,
          null,
          null,
          1,
          null,
          1,
          2,
          null,
          1,
          null,
          null
        ]
      },
      "/home/analyce/Documentos/CAMAAR/app/models/questao_template.rb": {
        "lines": [
          null,
          1,
          1,
          null,
          1,
          1,
          null,
          1,
          null,
          1,
          1,
          null
        ]
      },
      "/home/analyce/Documentos/CAMAAR/app/services/importer/academic_data_importer.rb": {
        "lines": [
          1,
          1,
          1,
          2,
          null,
          2,
          2,
          null,
          null,
          null,
          2,
          2,
          2,
          null,
          2,
          2,
          null,
          null,
          2,
          null,
          2,
          2,
          null,
          null,
          null,
          2,
          2,
          null,
          2,
          2,
          2,
          null,
          2,
          2,
          88,
          null,
          null,
          null,
          2,
          2,
          2,
          null,
          null,
          null,
          null,
          90,
          2,
          null,
          2,
          88,
          null,
          null,
          null,
          null,
          null,
          null,
          null,
          null,
          null,
          2,
          null,
          2,
          2,
          2,
          null,
          2,
          88,
          88,
          null,
          88,
          null,
          null,
          null,
          null,
          null,
          2,
          null,
          2,
          88,
          88,
          88,
          null,
          88,
          null,
          88,
          null,
          2,
          null,
          2,
          88,
          null,
          null,
          2,
          2,
          null,
          null,
          null,
          null,
          null,
          null,
          null,
          null,
          null,
          2,
          null,
          2,
          null,
          2,
          2,
          2,
          null,
          2,
          null,
          2,
          null,
          2,
          2,
          2,
          2,
          null,
          2,
          null,
          null,
          null,
          null,
          0,
          0,
          0,
          null,
          0,
          0,
          0,
          null,
          null,
          null
        ]
      },
      "/home/analyce/Documentos/CAMAAR/app/controllers/passwords_controller.rb": {
        "lines": [
          1,
          1,
          1,
          null,
          1,
          null,
          1,
          3,
          null,
          null,
          1,
          4,
          null,
          3,
          3,
          null,
          2,
          2,
          2,
          null,
          2,
          1,
          null,
          1,
          1,
          null,
          null,
          null,
          1,
          null,
          1,
          7,
          7,
          null,
          null,
          1,
          7,
          null,
          null,
          1,
          3,
          3,
          3,
          null,
          null,
          1,
          2,
          2,
          null,
          null
        ]
      },
      "/home/analyce/Documentos/CAMAAR/app/models/opcao_questao.rb": {
        "lines": [
          null,
          1,
          1,
          null,
          1,
          null
        ]
      },
      "/home/analyce/Documentos/CAMAAR/app/jobs/application_job.rb": {
        "lines": [
          0,
          null,
          null,
          null,
          null,
          null,
          0
        ],
        "branches": {}
      }
    },
    "timestamp": 1782786593
  }
}
